#! /yosyshq/bin/vvp
:ivl_version "12.0 (devel)" "(s20150603-1135-g6b127432-dirty)";
:ivl_delay_selection "TYPICAL";
:vpi_time_precision + 0;
:vpi_module "C:\Users\JD331\APIO~1\packages\TOOLS-~3\lib\ivl\system.vpi";
:vpi_module "C:\Users\JD331\APIO~1\packages\TOOLS-~3\lib\ivl\vhdl_sys.vpi";
:vpi_module "C:\Users\JD331\APIO~1\packages\TOOLS-~3\lib\ivl\vhdl_textio.vpi";
:vpi_module "C:\Users\JD331\APIO~1\packages\TOOLS-~3\lib\ivl\v2005_math.vpi";
:vpi_module "C:\Users\JD331\APIO~1\packages\TOOLS-~3\lib\ivl\va_math.vpi";
S_0000000005f68d00 .scope module, "$__ABC9_LUT5" "$__ABC9_LUT5" 2 22;
 .timescale 0 0;
    .port_info 0 /INPUT 1 "M0";
    .port_info 1 /INPUT 1 "D";
    .port_info 2 /INPUT 1 "C";
    .port_info 3 /INPUT 1 "B";
    .port_info 4 /INPUT 1 "A";
    .port_info 5 /OUTPUT 1 "Z";
o000000000600cf48 .functor BUFZ 1, C4<z>; HiZ drive
v0000000005ff68b0_0 .net "A", 0 0, o000000000600cf48;  0 drivers
o000000000600cf78 .functor BUFZ 1, C4<z>; HiZ drive
v0000000005ff6770_0 .net "B", 0 0, o000000000600cf78;  0 drivers
o000000000600cfa8 .functor BUFZ 1, C4<z>; HiZ drive
v0000000005ff5e10_0 .net "C", 0 0, o000000000600cfa8;  0 drivers
o000000000600cfd8 .functor BUFZ 1, C4<z>; HiZ drive
v0000000005ff6e50_0 .net "D", 0 0, o000000000600cfd8;  0 drivers
o000000000600d008 .functor BUFZ 1, C4<z>; HiZ drive
v0000000005ff5b90_0 .net "M0", 0 0, o000000000600d008;  0 drivers
o000000000600d038 .functor BUFZ 1, C4<z>; HiZ drive
v0000000005ff6a90_0 .net "Z", 0 0, o000000000600d038;  0 drivers
S_0000000005f68e90 .scope module, "$__ABC9_LUT6" "$__ABC9_LUT6" 2 36;
 .timescale 0 0;
    .port_info 0 /INPUT 1 "M1";
    .port_info 1 /INPUT 1 "M0";
    .port_info 2 /INPUT 1 "D";
    .port_info 3 /INPUT 1 "C";
    .port_info 4 /INPUT 1 "B";
    .port_info 5 /INPUT 1 "A";
    .port_info 6 /OUTPUT 1 "Z";
o000000000600d188 .functor BUFZ 1, C4<z>; HiZ drive
v0000000005ff7170_0 .net "A", 0 0, o000000000600d188;  0 drivers
o000000000600d1b8 .functor BUFZ 1, C4<z>; HiZ drive
v0000000005ff5cd0_0 .net "B", 0 0, o000000000600d1b8;  0 drivers
o000000000600d1e8 .functor BUFZ 1, C4<z>; HiZ drive
v0000000005ff5d70_0 .net "C", 0 0, o000000000600d1e8;  0 drivers
o000000000600d218 .functor BUFZ 1, C4<z>; HiZ drive
v0000000005ff6270_0 .net "D", 0 0, o000000000600d218;  0 drivers
o000000000600d248 .functor BUFZ 1, C4<z>; HiZ drive
v0000000005ff6450_0 .net "M0", 0 0, o000000000600d248;  0 drivers
o000000000600d278 .functor BUFZ 1, C4<z>; HiZ drive
v0000000005ff64f0_0 .net "M1", 0 0, o000000000600d278;  0 drivers
o000000000600d2a8 .functor BUFZ 1, C4<z>; HiZ drive
v0000000005ff6950_0 .net "Z", 0 0, o000000000600d2a8;  0 drivers
S_0000000005f3ac30 .scope module, "$__ABC9_LUT7" "$__ABC9_LUT7" 2 51;
 .timescale 0 0;
    .port_info 0 /INPUT 1 "M2";
    .port_info 1 /INPUT 1 "M1";
    .port_info 2 /INPUT 1 "M0";
    .port_info 3 /INPUT 1 "D";
    .port_info 4 /INPUT 1 "C";
    .port_info 5 /INPUT 1 "B";
    .port_info 6 /INPUT 1 "A";
    .port_info 7 /OUTPUT 1 "Z";
o000000000600d428 .functor BUFZ 1, C4<z>; HiZ drive
v0000000005ff5eb0_0 .net "A", 0 0, o000000000600d428;  0 drivers
o000000000600d458 .functor BUFZ 1, C4<z>; HiZ drive
v0000000005ff6130_0 .net "B", 0 0, o000000000600d458;  0 drivers
o000000000600d488 .functor BUFZ 1, C4<z>; HiZ drive
v0000000005ff6b30_0 .net "C", 0 0, o000000000600d488;  0 drivers
o000000000600d4b8 .functor BUFZ 1, C4<z>; HiZ drive
v0000000005ff6590_0 .net "D", 0 0, o000000000600d4b8;  0 drivers
o000000000600d4e8 .functor BUFZ 1, C4<z>; HiZ drive
v0000000005ff6310_0 .net "M0", 0 0, o000000000600d4e8;  0 drivers
o000000000600d518 .functor BUFZ 1, C4<z>; HiZ drive
v0000000005ff5f50_0 .net "M1", 0 0, o000000000600d518;  0 drivers
o000000000600d548 .functor BUFZ 1, C4<z>; HiZ drive
v0000000005ff5af0_0 .net "M2", 0 0, o000000000600d548;  0 drivers
o000000000600d578 .functor BUFZ 1, C4<z>; HiZ drive
v0000000005ff6630_0 .net "Z", 0 0, o000000000600d578;  0 drivers
S_0000000005f3adc0 .scope module, "DP16KD" "DP16KD" 2 602;
 .timescale 0 0;
    .port_info 0 /INPUT 1 "DIA17";
    .port_info 1 /INPUT 1 "DIA16";
    .port_info 2 /INPUT 1 "DIA15";
    .port_info 3 /INPUT 1 "DIA14";
    .port_info 4 /INPUT 1 "DIA13";
    .port_info 5 /INPUT 1 "DIA12";
    .port_info 6 /INPUT 1 "DIA11";
    .port_info 7 /INPUT 1 "DIA10";
    .port_info 8 /INPUT 1 "DIA9";
    .port_info 9 /INPUT 1 "DIA8";
    .port_info 10 /INPUT 1 "DIA7";
    .port_info 11 /INPUT 1 "DIA6";
    .port_info 12 /INPUT 1 "DIA5";
    .port_info 13 /INPUT 1 "DIA4";
    .port_info 14 /INPUT 1 "DIA3";
    .port_info 15 /INPUT 1 "DIA2";
    .port_info 16 /INPUT 1 "DIA1";
    .port_info 17 /INPUT 1 "DIA0";
    .port_info 18 /INPUT 1 "ADA13";
    .port_info 19 /INPUT 1 "ADA12";
    .port_info 20 /INPUT 1 "ADA11";
    .port_info 21 /INPUT 1 "ADA10";
    .port_info 22 /INPUT 1 "ADA9";
    .port_info 23 /INPUT 1 "ADA8";
    .port_info 24 /INPUT 1 "ADA7";
    .port_info 25 /INPUT 1 "ADA6";
    .port_info 26 /INPUT 1 "ADA5";
    .port_info 27 /INPUT 1 "ADA4";
    .port_info 28 /INPUT 1 "ADA3";
    .port_info 29 /INPUT 1 "ADA2";
    .port_info 30 /INPUT 1 "ADA1";
    .port_info 31 /INPUT 1 "ADA0";
    .port_info 32 /INPUT 1 "CEA";
    .port_info 33 /INPUT 1 "OCEA";
    .port_info 34 /INPUT 1 "CLKA";
    .port_info 35 /INPUT 1 "WEA";
    .port_info 36 /INPUT 1 "RSTA";
    .port_info 37 /INPUT 1 "CSA2";
    .port_info 38 /INPUT 1 "CSA1";
    .port_info 39 /INPUT 1 "CSA0";
    .port_info 40 /OUTPUT 1 "DOA17";
    .port_info 41 /OUTPUT 1 "DOA16";
    .port_info 42 /OUTPUT 1 "DOA15";
    .port_info 43 /OUTPUT 1 "DOA14";
    .port_info 44 /OUTPUT 1 "DOA13";
    .port_info 45 /OUTPUT 1 "DOA12";
    .port_info 46 /OUTPUT 1 "DOA11";
    .port_info 47 /OUTPUT 1 "DOA10";
    .port_info 48 /OUTPUT 1 "DOA9";
    .port_info 49 /OUTPUT 1 "DOA8";
    .port_info 50 /OUTPUT 1 "DOA7";
    .port_info 51 /OUTPUT 1 "DOA6";
    .port_info 52 /OUTPUT 1 "DOA5";
    .port_info 53 /OUTPUT 1 "DOA4";
    .port_info 54 /OUTPUT 1 "DOA3";
    .port_info 55 /OUTPUT 1 "DOA2";
    .port_info 56 /OUTPUT 1 "DOA1";
    .port_info 57 /OUTPUT 1 "DOA0";
    .port_info 58 /INPUT 1 "DIB17";
    .port_info 59 /INPUT 1 "DIB16";
    .port_info 60 /INPUT 1 "DIB15";
    .port_info 61 /INPUT 1 "DIB14";
    .port_info 62 /INPUT 1 "DIB13";
    .port_info 63 /INPUT 1 "DIB12";
    .port_info 64 /INPUT 1 "DIB11";
    .port_info 65 /INPUT 1 "DIB10";
    .port_info 66 /INPUT 1 "DIB9";
    .port_info 67 /INPUT 1 "DIB8";
    .port_info 68 /INPUT 1 "DIB7";
    .port_info 69 /INPUT 1 "DIB6";
    .port_info 70 /INPUT 1 "DIB5";
    .port_info 71 /INPUT 1 "DIB4";
    .port_info 72 /INPUT 1 "DIB3";
    .port_info 73 /INPUT 1 "DIB2";
    .port_info 74 /INPUT 1 "DIB1";
    .port_info 75 /INPUT 1 "DIB0";
    .port_info 76 /INPUT 1 "ADB13";
    .port_info 77 /INPUT 1 "ADB12";
    .port_info 78 /INPUT 1 "ADB11";
    .port_info 79 /INPUT 1 "ADB10";
    .port_info 80 /INPUT 1 "ADB9";
    .port_info 81 /INPUT 1 "ADB8";
    .port_info 82 /INPUT 1 "ADB7";
    .port_info 83 /INPUT 1 "ADB6";
    .port_info 84 /INPUT 1 "ADB5";
    .port_info 85 /INPUT 1 "ADB4";
    .port_info 86 /INPUT 1 "ADB3";
    .port_info 87 /INPUT 1 "ADB2";
    .port_info 88 /INPUT 1 "ADB1";
    .port_info 89 /INPUT 1 "ADB0";
    .port_info 90 /INPUT 1 "CEB";
    .port_info 91 /INPUT 1 "OCEB";
    .port_info 92 /INPUT 1 "CLKB";
    .port_info 93 /INPUT 1 "WEB";
    .port_info 94 /INPUT 1 "RSTB";
    .port_info 95 /INPUT 1 "CSB2";
    .port_info 96 /INPUT 1 "CSB1";
    .port_info 97 /INPUT 1 "CSB0";
    .port_info 98 /OUTPUT 1 "DOB17";
    .port_info 99 /OUTPUT 1 "DOB16";
    .port_info 100 /OUTPUT 1 "DOB15";
    .port_info 101 /OUTPUT 1 "DOB14";
    .port_info 102 /OUTPUT 1 "DOB13";
    .port_info 103 /OUTPUT 1 "DOB12";
    .port_info 104 /OUTPUT 1 "DOB11";
    .port_info 105 /OUTPUT 1 "DOB10";
    .port_info 106 /OUTPUT 1 "DOB9";
    .port_info 107 /OUTPUT 1 "DOB8";
    .port_info 108 /OUTPUT 1 "DOB7";
    .port_info 109 /OUTPUT 1 "DOB6";
    .port_info 110 /OUTPUT 1 "DOB5";
    .port_info 111 /OUTPUT 1 "DOB4";
    .port_info 112 /OUTPUT 1 "DOB3";
    .port_info 113 /OUTPUT 1 "DOB2";
    .port_info 114 /OUTPUT 1 "DOB1";
    .port_info 115 /OUTPUT 1 "DOB0";
P_00000000060007d0 .param/str "ADA0MUX" 0 2 661, "ADA0";
P_0000000006000808 .param/str "ADA10MUX" 0 2 651, "ADA10";
P_0000000006000840 .param/str "ADA11MUX" 0 2 650, "ADA11";
P_0000000006000878 .param/str "ADA12MUX" 0 2 649, "ADA12";
P_00000000060008b0 .param/str "ADA13MUX" 0 2 648, "ADA13";
P_00000000060008e8 .param/str "ADA1MUX" 0 2 660, "ADA1";
P_0000000006000920 .param/str "ADA2MUX" 0 2 659, "ADA2";
P_0000000006000958 .param/str "ADA3MUX" 0 2 658, "ADA3";
P_0000000006000990 .param/str "ADA4MUX" 0 2 657, "ADA4";
P_00000000060009c8 .param/str "ADA5MUX" 0 2 656, "ADA5";
P_0000000006000a00 .param/str "ADA6MUX" 0 2 655, "ADA6";
P_0000000006000a38 .param/str "ADA7MUX" 0 2 654, "ADA7";
P_0000000006000a70 .param/str "ADA8MUX" 0 2 653, "ADA8";
P_0000000006000aa8 .param/str "ADA9MUX" 0 2 652, "ADA9";
P_0000000006000ae0 .param/str "ADB0MUX" 0 2 719, "ADB0";
P_0000000006000b18 .param/str "ADB10MUX" 0 2 709, "ADB10";
P_0000000006000b50 .param/str "ADB11MUX" 0 2 708, "ADB11";
P_0000000006000b88 .param/str "ADB12MUX" 0 2 707, "ADB12";
P_0000000006000bc0 .param/str "ADB13MUX" 0 2 706, "ADB13";
P_0000000006000bf8 .param/str "ADB1MUX" 0 2 718, "ADB1";
P_0000000006000c30 .param/str "ADB2MUX" 0 2 717, "ADB2";
P_0000000006000c68 .param/str "ADB3MUX" 0 2 716, "ADB3";
P_0000000006000ca0 .param/str "ADB4MUX" 0 2 715, "ADB4";
P_0000000006000cd8 .param/str "ADB5MUX" 0 2 714, "ADB5";
P_0000000006000d10 .param/str "ADB6MUX" 0 2 713, "ADB6";
P_0000000006000d48 .param/str "ADB7MUX" 0 2 712, "ADB7";
P_0000000006000d80 .param/str "ADB8MUX" 0 2 711, "ADB8";
P_0000000006000db8 .param/str "ADB9MUX" 0 2 710, "ADB9";
P_0000000006000df0 .param/str "ASYNC_RESET_RELEASE" 0 2 622, "SYNC";
P_0000000006000e28 .param/str "CEAMUX" 0 2 662, "CEA";
P_0000000006000e60 .param/str "CEBMUX" 0 2 720, "CEB";
P_0000000006000e98 .param/str "CLKAMUX" 0 2 664, "CLKA";
P_0000000006000ed0 .param/str "CLKBMUX" 0 2 722, "CLKB";
P_0000000006000f08 .param/str "CSA0MUX" 0 2 669, "CSA0";
P_0000000006000f40 .param/str "CSA1MUX" 0 2 668, "CSA1";
P_0000000006000f78 .param/str "CSA2MUX" 0 2 667, "CSA2";
P_0000000006000fb0 .param/str "CSB0MUX" 0 2 727, "CSB0";
P_0000000006000fe8 .param/str "CSB1MUX" 0 2 726, "CSB1";
P_0000000006001020 .param/str "CSB2MUX" 0 2 725, "CSB2";
P_0000000006001058 .param/str "CSDECODE_A" 0 2 624, "0b000";
P_0000000006001090 .param/str "CSDECODE_B" 0 2 625, "0b000";
P_00000000060010c8 .param/l "DATA_WIDTH_A" 0 2 615, +C4<00000000000000000000000000010010>;
P_0000000006001100 .param/l "DATA_WIDTH_B" 0 2 616, +C4<00000000000000000000000000010010>;
P_0000000006001138 .param/str "DIA0MUX" 0 2 647, "DIA0";
P_0000000006001170 .param/str "DIA10MUX" 0 2 637, "DIA10";
P_00000000060011a8 .param/str "DIA11MUX" 0 2 636, "DIA11";
P_00000000060011e0 .param/str "DIA12MUX" 0 2 635, "DIA12";
P_0000000006001218 .param/str "DIA13MUX" 0 2 634, "DIA13";
P_0000000006001250 .param/str "DIA14MUX" 0 2 633, "DIA14";
P_0000000006001288 .param/str "DIA15MUX" 0 2 632, "DIA15";
P_00000000060012c0 .param/str "DIA16MUX" 0 2 631, "DIA16";
P_00000000060012f8 .param/str "DIA17MUX" 0 2 630, "DIA17";
P_0000000006001330 .param/str "DIA1MUX" 0 2 646, "DIA1";
P_0000000006001368 .param/str "DIA2MUX" 0 2 645, "DIA2";
P_00000000060013a0 .param/str "DIA3MUX" 0 2 644, "DIA3";
P_00000000060013d8 .param/str "DIA4MUX" 0 2 643, "DIA4";
P_0000000006001410 .param/str "DIA5MUX" 0 2 642, "DIA5";
P_0000000006001448 .param/str "DIA6MUX" 0 2 641, "DIA6";
P_0000000006001480 .param/str "DIA7MUX" 0 2 640, "DIA7";
P_00000000060014b8 .param/str "DIA8MUX" 0 2 639, "DIA8";
P_00000000060014f0 .param/str "DIA9MUX" 0 2 638, "DIA9";
P_0000000006001528 .param/str "DIB0MUX" 0 2 705, "DIB0";
P_0000000006001560 .param/str "DIB10MUX" 0 2 695, "DIB10";
P_0000000006001598 .param/str "DIB11MUX" 0 2 694, "DIB11";
P_00000000060015d0 .param/str "DIB12MUX" 0 2 693, "DIB12";
P_0000000006001608 .param/str "DIB13MUX" 0 2 692, "DIB13";
P_0000000006001640 .param/str "DIB14MUX" 0 2 691, "DIB14";
P_0000000006001678 .param/str "DIB15MUX" 0 2 690, "DIB15";
P_00000000060016b0 .param/str "DIB16MUX" 0 2 689, "DIB16";
P_00000000060016e8 .param/str "DIB17MUX" 0 2 688, "DIB17";
P_0000000006001720 .param/str "DIB1MUX" 0 2 704, "DIB1";
P_0000000006001758 .param/str "DIB2MUX" 0 2 703, "DIB2";
P_0000000006001790 .param/str "DIB3MUX" 0 2 702, "DIB3";
P_00000000060017c8 .param/str "DIB4MUX" 0 2 701, "DIB4";
P_0000000006001800 .param/str "DIB5MUX" 0 2 700, "DIB5";
P_0000000006001838 .param/str "DIB6MUX" 0 2 699, "DIB6";
P_0000000006001870 .param/str "DIB7MUX" 0 2 698, "DIB7";
P_00000000060018a8 .param/str "DIB8MUX" 0 2 697, "DIB8";
P_00000000060018e0 .param/str "DIB9MUX" 0 2 696, "DIB9";
P_0000000006001918 .param/str "DOA0MUX" 0 2 687, "DOA0";
P_0000000006001950 .param/str "DOA10MUX" 0 2 677, "DOA10";
P_0000000006001988 .param/str "DOA11MUX" 0 2 676, "DOA11";
P_00000000060019c0 .param/str "DOA12MUX" 0 2 675, "DOA12";
P_00000000060019f8 .param/str "DOA13MUX" 0 2 674, "DOA13";
P_0000000006001a30 .param/str "DOA14MUX" 0 2 673, "DOA14";
P_0000000006001a68 .param/str "DOA15MUX" 0 2 672, "DOA15";
P_0000000006001aa0 .param/str "DOA16MUX" 0 2 671, "DOA16";
P_0000000006001ad8 .param/str "DOA17MUX" 0 2 670, "DOA17";
P_0000000006001b10 .param/str "DOA1MUX" 0 2 686, "DOA1";
P_0000000006001b48 .param/str "DOA2MUX" 0 2 685, "DOA2";
P_0000000006001b80 .param/str "DOA3MUX" 0 2 684, "DOA3";
P_0000000006001bb8 .param/str "DOA4MUX" 0 2 683, "DOA4";
P_0000000006001bf0 .param/str "DOA5MUX" 0 2 682, "DOA5";
P_0000000006001c28 .param/str "DOA6MUX" 0 2 681, "DOA6";
P_0000000006001c60 .param/str "DOA7MUX" 0 2 680, "DOA7";
P_0000000006001c98 .param/str "DOA8MUX" 0 2 679, "DOA8";
P_0000000006001cd0 .param/str "DOA9MUX" 0 2 678, "DOA9";
P_0000000006001d08 .param/str "DOB0MUX" 0 2 745, "DOB0";
P_0000000006001d40 .param/str "DOB10MUX" 0 2 735, "DOB10";
P_0000000006001d78 .param/str "DOB11MUX" 0 2 734, "DOB11";
P_0000000006001db0 .param/str "DOB12MUX" 0 2 733, "DOB12";
P_0000000006001de8 .param/str "DOB13MUX" 0 2 732, "DOB13";
P_0000000006001e20 .param/str "DOB14MUX" 0 2 731, "DOB14";
P_0000000006001e58 .param/str "DOB15MUX" 0 2 730, "DOB15";
P_0000000006001e90 .param/str "DOB16MUX" 0 2 729, "DOB16";
P_0000000006001ec8 .param/str "DOB17MUX" 0 2 728, "DOB17";
P_0000000006001f00 .param/str "DOB1MUX" 0 2 744, "DOB1";
P_0000000006001f38 .param/str "DOB2MUX" 0 2 743, "DOB2";
P_0000000006001f70 .param/str "DOB3MUX" 0 2 742, "DOB3";
P_0000000006001fa8 .param/str "DOB4MUX" 0 2 741, "DOB4";
P_0000000006001fe0 .param/str "DOB5MUX" 0 2 740, "DOB5";
P_0000000006002018 .param/str "DOB6MUX" 0 2 739, "DOB6";
P_0000000006002050 .param/str "DOB7MUX" 0 2 738, "DOB7";
P_0000000006002088 .param/str "DOB8MUX" 0 2 737, "DOB8";
P_00000000060020c0 .param/str "DOB9MUX" 0 2 736, "DOB9";
P_00000000060020f8 .param/str "GSR" 0 2 749, "ENABLED";
P_0000000006002130 .param/l "INITVAL_00" 0 2 751, C4<00000000000000000000000000000000000000000000000000000000000000000000000000000000000000000000000000000000000000000000000000000000000000000000000000000000000000000000000000000000000000000000000000000000000000000000000000000000000000000000000000000000000000000000000000000000000000000000000000000000000000000000000000000000>;
P_0000000006002168 .param/l "INITVAL_01" 0 2 752, C4<00000000000000000000000000000000000000000000000000000000000000000000000000000000000000000000000000000000000000000000000000000000000000000000000000000000000000000000000000000000000000000000000000000000000000000000000000000000000000000000000000000000000000000000000000000000000000000000000000000000000000000000000000000000>;
P_00000000060021a0 .param/l "INITVAL_02" 0 2 753, C4<00000000000000000000000000000000000000000000000000000000000000000000000000000000000000000000000000000000000000000000000000000000000000000000000000000000000000000000000000000000000000000000000000000000000000000000000000000000000000000000000000000000000000000000000000000000000000000000000000000000000000000000000000000000>;
P_00000000060021d8 .param/l "INITVAL_03" 0 2 754, C4<00000000000000000000000000000000000000000000000000000000000000000000000000000000000000000000000000000000000000000000000000000000000000000000000000000000000000000000000000000000000000000000000000000000000000000000000000000000000000000000000000000000000000000000000000000000000000000000000000000000000000000000000000000000>;
P_0000000006002210 .param/l "INITVAL_04" 0 2 755, C4<00000000000000000000000000000000000000000000000000000000000000000000000000000000000000000000000000000000000000000000000000000000000000000000000000000000000000000000000000000000000000000000000000000000000000000000000000000000000000000000000000000000000000000000000000000000000000000000000000000000000000000000000000000000>;
P_0000000006002248 .param/l "INITVAL_05" 0 2 756, C4<00000000000000000000000000000000000000000000000000000000000000000000000000000000000000000000000000000000000000000000000000000000000000000000000000000000000000000000000000000000000000000000000000000000000000000000000000000000000000000000000000000000000000000000000000000000000000000000000000000000000000000000000000000000>;
P_0000000006002280 .param/l "INITVAL_06" 0 2 757, C4<00000000000000000000000000000000000000000000000000000000000000000000000000000000000000000000000000000000000000000000000000000000000000000000000000000000000000000000000000000000000000000000000000000000000000000000000000000000000000000000000000000000000000000000000000000000000000000000000000000000000000000000000000000000>;
P_00000000060022b8 .param/l "INITVAL_07" 0 2 758, C4<00000000000000000000000000000000000000000000000000000000000000000000000000000000000000000000000000000000000000000000000000000000000000000000000000000000000000000000000000000000000000000000000000000000000000000000000000000000000000000000000000000000000000000000000000000000000000000000000000000000000000000000000000000000>;
P_00000000060022f0 .param/l "INITVAL_08" 0 2 759, C4<00000000000000000000000000000000000000000000000000000000000000000000000000000000000000000000000000000000000000000000000000000000000000000000000000000000000000000000000000000000000000000000000000000000000000000000000000000000000000000000000000000000000000000000000000000000000000000000000000000000000000000000000000000000>;
P_0000000006002328 .param/l "INITVAL_09" 0 2 760, C4<00000000000000000000000000000000000000000000000000000000000000000000000000000000000000000000000000000000000000000000000000000000000000000000000000000000000000000000000000000000000000000000000000000000000000000000000000000000000000000000000000000000000000000000000000000000000000000000000000000000000000000000000000000000>;
P_0000000006002360 .param/l "INITVAL_0A" 0 2 761, C4<00000000000000000000000000000000000000000000000000000000000000000000000000000000000000000000000000000000000000000000000000000000000000000000000000000000000000000000000000000000000000000000000000000000000000000000000000000000000000000000000000000000000000000000000000000000000000000000000000000000000000000000000000000000>;
P_0000000006002398 .param/l "INITVAL_0B" 0 2 762, C4<00000000000000000000000000000000000000000000000000000000000000000000000000000000000000000000000000000000000000000000000000000000000000000000000000000000000000000000000000000000000000000000000000000000000000000000000000000000000000000000000000000000000000000000000000000000000000000000000000000000000000000000000000000000>;
P_00000000060023d0 .param/l "INITVAL_0C" 0 2 763, C4<00000000000000000000000000000000000000000000000000000000000000000000000000000000000000000000000000000000000000000000000000000000000000000000000000000000000000000000000000000000000000000000000000000000000000000000000000000000000000000000000000000000000000000000000000000000000000000000000000000000000000000000000000000000>;
P_0000000006002408 .param/l "INITVAL_0D" 0 2 764, C4<00000000000000000000000000000000000000000000000000000000000000000000000000000000000000000000000000000000000000000000000000000000000000000000000000000000000000000000000000000000000000000000000000000000000000000000000000000000000000000000000000000000000000000000000000000000000000000000000000000000000000000000000000000000>;
P_0000000006002440 .param/l "INITVAL_0E" 0 2 765, C4<00000000000000000000000000000000000000000000000000000000000000000000000000000000000000000000000000000000000000000000000000000000000000000000000000000000000000000000000000000000000000000000000000000000000000000000000000000000000000000000000000000000000000000000000000000000000000000000000000000000000000000000000000000000>;
P_0000000006002478 .param/l "INITVAL_0F" 0 2 766, C4<00000000000000000000000000000000000000000000000000000000000000000000000000000000000000000000000000000000000000000000000000000000000000000000000000000000000000000000000000000000000000000000000000000000000000000000000000000000000000000000000000000000000000000000000000000000000000000000000000000000000000000000000000000000>;
P_00000000060024b0 .param/l "INITVAL_10" 0 2 767, C4<00000000000000000000000000000000000000000000000000000000000000000000000000000000000000000000000000000000000000000000000000000000000000000000000000000000000000000000000000000000000000000000000000000000000000000000000000000000000000000000000000000000000000000000000000000000000000000000000000000000000000000000000000000000>;
P_00000000060024e8 .param/l "INITVAL_11" 0 2 768, C4<00000000000000000000000000000000000000000000000000000000000000000000000000000000000000000000000000000000000000000000000000000000000000000000000000000000000000000000000000000000000000000000000000000000000000000000000000000000000000000000000000000000000000000000000000000000000000000000000000000000000000000000000000000000>;
P_0000000006002520 .param/l "INITVAL_12" 0 2 769, C4<00000000000000000000000000000000000000000000000000000000000000000000000000000000000000000000000000000000000000000000000000000000000000000000000000000000000000000000000000000000000000000000000000000000000000000000000000000000000000000000000000000000000000000000000000000000000000000000000000000000000000000000000000000000>;
P_0000000006002558 .param/l "INITVAL_13" 0 2 770, C4<00000000000000000000000000000000000000000000000000000000000000000000000000000000000000000000000000000000000000000000000000000000000000000000000000000000000000000000000000000000000000000000000000000000000000000000000000000000000000000000000000000000000000000000000000000000000000000000000000000000000000000000000000000000>;
P_0000000006002590 .param/l "INITVAL_14" 0 2 771, C4<00000000000000000000000000000000000000000000000000000000000000000000000000000000000000000000000000000000000000000000000000000000000000000000000000000000000000000000000000000000000000000000000000000000000000000000000000000000000000000000000000000000000000000000000000000000000000000000000000000000000000000000000000000000>;
P_00000000060025c8 .param/l "INITVAL_15" 0 2 772, C4<00000000000000000000000000000000000000000000000000000000000000000000000000000000000000000000000000000000000000000000000000000000000000000000000000000000000000000000000000000000000000000000000000000000000000000000000000000000000000000000000000000000000000000000000000000000000000000000000000000000000000000000000000000000>;
P_0000000006002600 .param/l "INITVAL_16" 0 2 773, C4<00000000000000000000000000000000000000000000000000000000000000000000000000000000000000000000000000000000000000000000000000000000000000000000000000000000000000000000000000000000000000000000000000000000000000000000000000000000000000000000000000000000000000000000000000000000000000000000000000000000000000000000000000000000>;
P_0000000006002638 .param/l "INITVAL_17" 0 2 774, C4<00000000000000000000000000000000000000000000000000000000000000000000000000000000000000000000000000000000000000000000000000000000000000000000000000000000000000000000000000000000000000000000000000000000000000000000000000000000000000000000000000000000000000000000000000000000000000000000000000000000000000000000000000000000>;
P_0000000006002670 .param/l "INITVAL_18" 0 2 775, C4<00000000000000000000000000000000000000000000000000000000000000000000000000000000000000000000000000000000000000000000000000000000000000000000000000000000000000000000000000000000000000000000000000000000000000000000000000000000000000000000000000000000000000000000000000000000000000000000000000000000000000000000000000000000>;
P_00000000060026a8 .param/l "INITVAL_19" 0 2 776, C4<00000000000000000000000000000000000000000000000000000000000000000000000000000000000000000000000000000000000000000000000000000000000000000000000000000000000000000000000000000000000000000000000000000000000000000000000000000000000000000000000000000000000000000000000000000000000000000000000000000000000000000000000000000000>;
P_00000000060026e0 .param/l "INITVAL_1A" 0 2 777, C4<00000000000000000000000000000000000000000000000000000000000000000000000000000000000000000000000000000000000000000000000000000000000000000000000000000000000000000000000000000000000000000000000000000000000000000000000000000000000000000000000000000000000000000000000000000000000000000000000000000000000000000000000000000000>;
P_0000000006002718 .param/l "INITVAL_1B" 0 2 778, C4<00000000000000000000000000000000000000000000000000000000000000000000000000000000000000000000000000000000000000000000000000000000000000000000000000000000000000000000000000000000000000000000000000000000000000000000000000000000000000000000000000000000000000000000000000000000000000000000000000000000000000000000000000000000>;
P_0000000006002750 .param/l "INITVAL_1C" 0 2 779, C4<00000000000000000000000000000000000000000000000000000000000000000000000000000000000000000000000000000000000000000000000000000000000000000000000000000000000000000000000000000000000000000000000000000000000000000000000000000000000000000000000000000000000000000000000000000000000000000000000000000000000000000000000000000000>;
P_0000000006002788 .param/l "INITVAL_1D" 0 2 780, C4<00000000000000000000000000000000000000000000000000000000000000000000000000000000000000000000000000000000000000000000000000000000000000000000000000000000000000000000000000000000000000000000000000000000000000000000000000000000000000000000000000000000000000000000000000000000000000000000000000000000000000000000000000000000>;
P_00000000060027c0 .param/l "INITVAL_1E" 0 2 781, C4<00000000000000000000000000000000000000000000000000000000000000000000000000000000000000000000000000000000000000000000000000000000000000000000000000000000000000000000000000000000000000000000000000000000000000000000000000000000000000000000000000000000000000000000000000000000000000000000000000000000000000000000000000000000>;
P_00000000060027f8 .param/l "INITVAL_1F" 0 2 782, C4<00000000000000000000000000000000000000000000000000000000000000000000000000000000000000000000000000000000000000000000000000000000000000000000000000000000000000000000000000000000000000000000000000000000000000000000000000000000000000000000000000000000000000000000000000000000000000000000000000000000000000000000000000000000>;
P_0000000006002830 .param/l "INITVAL_20" 0 2 783, C4<00000000000000000000000000000000000000000000000000000000000000000000000000000000000000000000000000000000000000000000000000000000000000000000000000000000000000000000000000000000000000000000000000000000000000000000000000000000000000000000000000000000000000000000000000000000000000000000000000000000000000000000000000000000>;
P_0000000006002868 .param/l "INITVAL_21" 0 2 784, C4<00000000000000000000000000000000000000000000000000000000000000000000000000000000000000000000000000000000000000000000000000000000000000000000000000000000000000000000000000000000000000000000000000000000000000000000000000000000000000000000000000000000000000000000000000000000000000000000000000000000000000000000000000000000>;
P_00000000060028a0 .param/l "INITVAL_22" 0 2 785, C4<00000000000000000000000000000000000000000000000000000000000000000000000000000000000000000000000000000000000000000000000000000000000000000000000000000000000000000000000000000000000000000000000000000000000000000000000000000000000000000000000000000000000000000000000000000000000000000000000000000000000000000000000000000000>;
P_00000000060028d8 .param/l "INITVAL_23" 0 2 786, C4<00000000000000000000000000000000000000000000000000000000000000000000000000000000000000000000000000000000000000000000000000000000000000000000000000000000000000000000000000000000000000000000000000000000000000000000000000000000000000000000000000000000000000000000000000000000000000000000000000000000000000000000000000000000>;
P_0000000006002910 .param/l "INITVAL_24" 0 2 787, C4<00000000000000000000000000000000000000000000000000000000000000000000000000000000000000000000000000000000000000000000000000000000000000000000000000000000000000000000000000000000000000000000000000000000000000000000000000000000000000000000000000000000000000000000000000000000000000000000000000000000000000000000000000000000>;
P_0000000006002948 .param/l "INITVAL_25" 0 2 788, C4<00000000000000000000000000000000000000000000000000000000000000000000000000000000000000000000000000000000000000000000000000000000000000000000000000000000000000000000000000000000000000000000000000000000000000000000000000000000000000000000000000000000000000000000000000000000000000000000000000000000000000000000000000000000>;
P_0000000006002980 .param/l "INITVAL_26" 0 2 789, C4<00000000000000000000000000000000000000000000000000000000000000000000000000000000000000000000000000000000000000000000000000000000000000000000000000000000000000000000000000000000000000000000000000000000000000000000000000000000000000000000000000000000000000000000000000000000000000000000000000000000000000000000000000000000>;
P_00000000060029b8 .param/l "INITVAL_27" 0 2 790, C4<00000000000000000000000000000000000000000000000000000000000000000000000000000000000000000000000000000000000000000000000000000000000000000000000000000000000000000000000000000000000000000000000000000000000000000000000000000000000000000000000000000000000000000000000000000000000000000000000000000000000000000000000000000000>;
P_00000000060029f0 .param/l "INITVAL_28" 0 2 791, C4<00000000000000000000000000000000000000000000000000000000000000000000000000000000000000000000000000000000000000000000000000000000000000000000000000000000000000000000000000000000000000000000000000000000000000000000000000000000000000000000000000000000000000000000000000000000000000000000000000000000000000000000000000000000>;
P_0000000006002a28 .param/l "INITVAL_29" 0 2 792, C4<00000000000000000000000000000000000000000000000000000000000000000000000000000000000000000000000000000000000000000000000000000000000000000000000000000000000000000000000000000000000000000000000000000000000000000000000000000000000000000000000000000000000000000000000000000000000000000000000000000000000000000000000000000000>;
P_0000000006002a60 .param/l "INITVAL_2A" 0 2 793, C4<00000000000000000000000000000000000000000000000000000000000000000000000000000000000000000000000000000000000000000000000000000000000000000000000000000000000000000000000000000000000000000000000000000000000000000000000000000000000000000000000000000000000000000000000000000000000000000000000000000000000000000000000000000000>;
P_0000000006002a98 .param/l "INITVAL_2B" 0 2 794, C4<00000000000000000000000000000000000000000000000000000000000000000000000000000000000000000000000000000000000000000000000000000000000000000000000000000000000000000000000000000000000000000000000000000000000000000000000000000000000000000000000000000000000000000000000000000000000000000000000000000000000000000000000000000000>;
P_0000000006002ad0 .param/l "INITVAL_2C" 0 2 795, C4<00000000000000000000000000000000000000000000000000000000000000000000000000000000000000000000000000000000000000000000000000000000000000000000000000000000000000000000000000000000000000000000000000000000000000000000000000000000000000000000000000000000000000000000000000000000000000000000000000000000000000000000000000000000>;
P_0000000006002b08 .param/l "INITVAL_2D" 0 2 796, C4<00000000000000000000000000000000000000000000000000000000000000000000000000000000000000000000000000000000000000000000000000000000000000000000000000000000000000000000000000000000000000000000000000000000000000000000000000000000000000000000000000000000000000000000000000000000000000000000000000000000000000000000000000000000>;
P_0000000006002b40 .param/l "INITVAL_2E" 0 2 797, C4<00000000000000000000000000000000000000000000000000000000000000000000000000000000000000000000000000000000000000000000000000000000000000000000000000000000000000000000000000000000000000000000000000000000000000000000000000000000000000000000000000000000000000000000000000000000000000000000000000000000000000000000000000000000>;
P_0000000006002b78 .param/l "INITVAL_2F" 0 2 798, C4<00000000000000000000000000000000000000000000000000000000000000000000000000000000000000000000000000000000000000000000000000000000000000000000000000000000000000000000000000000000000000000000000000000000000000000000000000000000000000000000000000000000000000000000000000000000000000000000000000000000000000000000000000000000>;
P_0000000006002bb0 .param/l "INITVAL_30" 0 2 799, C4<00000000000000000000000000000000000000000000000000000000000000000000000000000000000000000000000000000000000000000000000000000000000000000000000000000000000000000000000000000000000000000000000000000000000000000000000000000000000000000000000000000000000000000000000000000000000000000000000000000000000000000000000000000000>;
P_0000000006002be8 .param/l "INITVAL_31" 0 2 800, C4<00000000000000000000000000000000000000000000000000000000000000000000000000000000000000000000000000000000000000000000000000000000000000000000000000000000000000000000000000000000000000000000000000000000000000000000000000000000000000000000000000000000000000000000000000000000000000000000000000000000000000000000000000000000>;
P_0000000006002c20 .param/l "INITVAL_32" 0 2 801, C4<00000000000000000000000000000000000000000000000000000000000000000000000000000000000000000000000000000000000000000000000000000000000000000000000000000000000000000000000000000000000000000000000000000000000000000000000000000000000000000000000000000000000000000000000000000000000000000000000000000000000000000000000000000000>;
P_0000000006002c58 .param/l "INITVAL_33" 0 2 802, C4<00000000000000000000000000000000000000000000000000000000000000000000000000000000000000000000000000000000000000000000000000000000000000000000000000000000000000000000000000000000000000000000000000000000000000000000000000000000000000000000000000000000000000000000000000000000000000000000000000000000000000000000000000000000>;
P_0000000006002c90 .param/l "INITVAL_34" 0 2 803, C4<00000000000000000000000000000000000000000000000000000000000000000000000000000000000000000000000000000000000000000000000000000000000000000000000000000000000000000000000000000000000000000000000000000000000000000000000000000000000000000000000000000000000000000000000000000000000000000000000000000000000000000000000000000000>;
P_0000000006002cc8 .param/l "INITVAL_35" 0 2 804, C4<00000000000000000000000000000000000000000000000000000000000000000000000000000000000000000000000000000000000000000000000000000000000000000000000000000000000000000000000000000000000000000000000000000000000000000000000000000000000000000000000000000000000000000000000000000000000000000000000000000000000000000000000000000000>;
P_0000000006002d00 .param/l "INITVAL_36" 0 2 805, C4<00000000000000000000000000000000000000000000000000000000000000000000000000000000000000000000000000000000000000000000000000000000000000000000000000000000000000000000000000000000000000000000000000000000000000000000000000000000000000000000000000000000000000000000000000000000000000000000000000000000000000000000000000000000>;
P_0000000006002d38 .param/l "INITVAL_37" 0 2 806, C4<00000000000000000000000000000000000000000000000000000000000000000000000000000000000000000000000000000000000000000000000000000000000000000000000000000000000000000000000000000000000000000000000000000000000000000000000000000000000000000000000000000000000000000000000000000000000000000000000000000000000000000000000000000000>;
P_0000000006002d70 .param/l "INITVAL_38" 0 2 807, C4<00000000000000000000000000000000000000000000000000000000000000000000000000000000000000000000000000000000000000000000000000000000000000000000000000000000000000000000000000000000000000000000000000000000000000000000000000000000000000000000000000000000000000000000000000000000000000000000000000000000000000000000000000000000>;
P_0000000006002da8 .param/l "INITVAL_39" 0 2 808, C4<00000000000000000000000000000000000000000000000000000000000000000000000000000000000000000000000000000000000000000000000000000000000000000000000000000000000000000000000000000000000000000000000000000000000000000000000000000000000000000000000000000000000000000000000000000000000000000000000000000000000000000000000000000000>;
P_0000000006002de0 .param/l "INITVAL_3A" 0 2 809, C4<00000000000000000000000000000000000000000000000000000000000000000000000000000000000000000000000000000000000000000000000000000000000000000000000000000000000000000000000000000000000000000000000000000000000000000000000000000000000000000000000000000000000000000000000000000000000000000000000000000000000000000000000000000000>;
P_0000000006002e18 .param/l "INITVAL_3B" 0 2 810, C4<00000000000000000000000000000000000000000000000000000000000000000000000000000000000000000000000000000000000000000000000000000000000000000000000000000000000000000000000000000000000000000000000000000000000000000000000000000000000000000000000000000000000000000000000000000000000000000000000000000000000000000000000000000000>;
P_0000000006002e50 .param/l "INITVAL_3C" 0 2 811, C4<00000000000000000000000000000000000000000000000000000000000000000000000000000000000000000000000000000000000000000000000000000000000000000000000000000000000000000000000000000000000000000000000000000000000000000000000000000000000000000000000000000000000000000000000000000000000000000000000000000000000000000000000000000000>;
P_0000000006002e88 .param/l "INITVAL_3D" 0 2 812, C4<00000000000000000000000000000000000000000000000000000000000000000000000000000000000000000000000000000000000000000000000000000000000000000000000000000000000000000000000000000000000000000000000000000000000000000000000000000000000000000000000000000000000000000000000000000000000000000000000000000000000000000000000000000000>;
P_0000000006002ec0 .param/l "INITVAL_3E" 0 2 813, C4<00000000000000000000000000000000000000000000000000000000000000000000000000000000000000000000000000000000000000000000000000000000000000000000000000000000000000000000000000000000000000000000000000000000000000000000000000000000000000000000000000000000000000000000000000000000000000000000000000000000000000000000000000000000>;
P_0000000006002ef8 .param/l "INITVAL_3F" 0 2 814, C4<00000000000000000000000000000000000000000000000000000000000000000000000000000000000000000000000000000000000000000000000000000000000000000000000000000000000000000000000000000000000000000000000000000000000000000000000000000000000000000000000000000000000000000000000000000000000000000000000000000000000000000000000000000000>;
P_0000000006002f30 .param/str "OCEAMUX" 0 2 663, "OCEA";
P_0000000006002f68 .param/str "OCEBMUX" 0 2 721, "OCEB";
P_0000000006002fa0 .param/str "REGMODE_A" 0 2 618, "NOREG";
P_0000000006002fd8 .param/str "REGMODE_B" 0 2 619, "NOREG";
P_0000000006003010 .param/str "RESETMODE" 0 2 621, "SYNC";
P_0000000006003048 .param/str "RSTAMUX" 0 2 666, "RSTA";
P_0000000006003080 .param/str "RSTBMUX" 0 2 724, "RSTB";
P_00000000060030b8 .param/str "WEAMUX" 0 2 665, "WEA";
P_00000000060030f0 .param/str "WEBMUX" 0 2 723, "WEB";
P_0000000006003128 .param/l "WID" 0 2 747, +C4<00000000000000000000000000000000>;
P_0000000006003160 .param/str "WRITEMODE_A" 0 2 627, "NORMAL";
P_0000000006003198 .param/str "WRITEMODE_B" 0 2 628, "NORMAL";
o000000000600d728 .functor BUFZ 1, C4<z>; HiZ drive
v0000000005ff6ef0_0 .net "ADA0", 0 0, o000000000600d728;  0 drivers
o000000000600d758 .functor BUFZ 1, C4<z>; HiZ drive
v0000000005ff66d0_0 .net "ADA1", 0 0, o000000000600d758;  0 drivers
o000000000600d788 .functor BUFZ 1, C4<z>; HiZ drive
v0000000005ff6bd0_0 .net "ADA10", 0 0, o000000000600d788;  0 drivers
o000000000600d7b8 .functor BUFZ 1, C4<z>; HiZ drive
v0000000005ff6d10_0 .net "ADA11", 0 0, o000000000600d7b8;  0 drivers
o000000000600d7e8 .functor BUFZ 1, C4<z>; HiZ drive
v0000000005ff7210_0 .net "ADA12", 0 0, o000000000600d7e8;  0 drivers
o000000000600d818 .functor BUFZ 1, C4<z>; HiZ drive
v0000000005ff72b0_0 .net "ADA13", 0 0, o000000000600d818;  0 drivers
o000000000600d848 .functor BUFZ 1, C4<z>; HiZ drive
v0000000005ff7350_0 .net "ADA2", 0 0, o000000000600d848;  0 drivers
o000000000600d878 .functor BUFZ 1, C4<z>; HiZ drive
v0000000005ff7490_0 .net "ADA3", 0 0, o000000000600d878;  0 drivers
o000000000600d8a8 .functor BUFZ 1, C4<z>; HiZ drive
v0000000005ff7530_0 .net "ADA4", 0 0, o000000000600d8a8;  0 drivers
o000000000600d8d8 .functor BUFZ 1, C4<z>; HiZ drive
v0000000005ff75d0_0 .net "ADA5", 0 0, o000000000600d8d8;  0 drivers
o000000000600d908 .functor BUFZ 1, C4<z>; HiZ drive
v0000000005ff57d0_0 .net "ADA6", 0 0, o000000000600d908;  0 drivers
o000000000600d938 .functor BUFZ 1, C4<z>; HiZ drive
v0000000005f45690_0 .net "ADA7", 0 0, o000000000600d938;  0 drivers
o000000000600d968 .functor BUFZ 1, C4<z>; HiZ drive
v0000000006068d80_0 .net "ADA8", 0 0, o000000000600d968;  0 drivers
o000000000600d998 .functor BUFZ 1, C4<z>; HiZ drive
v00000000060684c0_0 .net "ADA9", 0 0, o000000000600d998;  0 drivers
o000000000600d9c8 .functor BUFZ 1, C4<z>; HiZ drive
v0000000006068560_0 .net "ADB0", 0 0, o000000000600d9c8;  0 drivers
o000000000600d9f8 .functor BUFZ 1, C4<z>; HiZ drive
v0000000006069000_0 .net "ADB1", 0 0, o000000000600d9f8;  0 drivers
o000000000600da28 .functor BUFZ 1, C4<z>; HiZ drive
v0000000006068740_0 .net "ADB10", 0 0, o000000000600da28;  0 drivers
o000000000600da58 .functor BUFZ 1, C4<z>; HiZ drive
v0000000006069c80_0 .net "ADB11", 0 0, o000000000600da58;  0 drivers
o000000000600da88 .functor BUFZ 1, C4<z>; HiZ drive
v00000000060696e0_0 .net "ADB12", 0 0, o000000000600da88;  0 drivers
o000000000600dab8 .functor BUFZ 1, C4<z>; HiZ drive
v0000000006068e20_0 .net "ADB13", 0 0, o000000000600dab8;  0 drivers
o000000000600dae8 .functor BUFZ 1, C4<z>; HiZ drive
v00000000060690a0_0 .net "ADB2", 0 0, o000000000600dae8;  0 drivers
o000000000600db18 .functor BUFZ 1, C4<z>; HiZ drive
v0000000006068060_0 .net "ADB3", 0 0, o000000000600db18;  0 drivers
o000000000600db48 .functor BUFZ 1, C4<z>; HiZ drive
v0000000006068600_0 .net "ADB4", 0 0, o000000000600db48;  0 drivers
o000000000600db78 .functor BUFZ 1, C4<z>; HiZ drive
v0000000006068f60_0 .net "ADB5", 0 0, o000000000600db78;  0 drivers
o000000000600dba8 .functor BUFZ 1, C4<z>; HiZ drive
v0000000006069820_0 .net "ADB6", 0 0, o000000000600dba8;  0 drivers
o000000000600dbd8 .functor BUFZ 1, C4<z>; HiZ drive
v00000000060686a0_0 .net "ADB7", 0 0, o000000000600dbd8;  0 drivers
o000000000600dc08 .functor BUFZ 1, C4<z>; HiZ drive
v0000000006069320_0 .net "ADB8", 0 0, o000000000600dc08;  0 drivers
o000000000600dc38 .functor BUFZ 1, C4<z>; HiZ drive
v00000000060693c0_0 .net "ADB9", 0 0, o000000000600dc38;  0 drivers
o000000000600dc68 .functor BUFZ 1, C4<z>; HiZ drive
v0000000006068880_0 .net "CEA", 0 0, o000000000600dc68;  0 drivers
o000000000600dc98 .functor BUFZ 1, C4<z>; HiZ drive
v0000000006069d20_0 .net "CEB", 0 0, o000000000600dc98;  0 drivers
o000000000600dcc8 .functor BUFZ 1, C4<z>; HiZ drive
v00000000060695a0_0 .net "CLKA", 0 0, o000000000600dcc8;  0 drivers
o000000000600dcf8 .functor BUFZ 1, C4<z>; HiZ drive
v0000000006069140_0 .net "CLKB", 0 0, o000000000600dcf8;  0 drivers
o000000000600dd28 .functor BUFZ 1, C4<z>; HiZ drive
v0000000006069be0_0 .net "CSA0", 0 0, o000000000600dd28;  0 drivers
o000000000600dd58 .functor BUFZ 1, C4<z>; HiZ drive
v0000000006069960_0 .net "CSA1", 0 0, o000000000600dd58;  0 drivers
o000000000600dd88 .functor BUFZ 1, C4<z>; HiZ drive
v0000000006069460_0 .net "CSA2", 0 0, o000000000600dd88;  0 drivers
o000000000600ddb8 .functor BUFZ 1, C4<z>; HiZ drive
v00000000060681a0_0 .net "CSB0", 0 0, o000000000600ddb8;  0 drivers
o000000000600dde8 .functor BUFZ 1, C4<z>; HiZ drive
v00000000060691e0_0 .net "CSB1", 0 0, o000000000600dde8;  0 drivers
o000000000600de18 .functor BUFZ 1, C4<z>; HiZ drive
v00000000060682e0_0 .net "CSB2", 0 0, o000000000600de18;  0 drivers
o000000000600de48 .functor BUFZ 1, C4<z>; HiZ drive
v00000000060687e0_0 .net "DIA0", 0 0, o000000000600de48;  0 drivers
o000000000600de78 .functor BUFZ 1, C4<z>; HiZ drive
v0000000006068920_0 .net "DIA1", 0 0, o000000000600de78;  0 drivers
o000000000600dea8 .functor BUFZ 1, C4<z>; HiZ drive
v00000000060698c0_0 .net "DIA10", 0 0, o000000000600dea8;  0 drivers
o000000000600ded8 .functor BUFZ 1, C4<z>; HiZ drive
v0000000006068a60_0 .net "DIA11", 0 0, o000000000600ded8;  0 drivers
o000000000600df08 .functor BUFZ 1, C4<z>; HiZ drive
v0000000006069780_0 .net "DIA12", 0 0, o000000000600df08;  0 drivers
o000000000600df38 .functor BUFZ 1, C4<z>; HiZ drive
v00000000060689c0_0 .net "DIA13", 0 0, o000000000600df38;  0 drivers
o000000000600df68 .functor BUFZ 1, C4<z>; HiZ drive
v0000000006069a00_0 .net "DIA14", 0 0, o000000000600df68;  0 drivers
o000000000600df98 .functor BUFZ 1, C4<z>; HiZ drive
v0000000006069aa0_0 .net "DIA15", 0 0, o000000000600df98;  0 drivers
o000000000600dfc8 .functor BUFZ 1, C4<z>; HiZ drive
v0000000006069f00_0 .net "DIA16", 0 0, o000000000600dfc8;  0 drivers
o000000000600dff8 .functor BUFZ 1, C4<z>; HiZ drive
v0000000006069dc0_0 .net "DIA17", 0 0, o000000000600dff8;  0 drivers
o000000000600e028 .functor BUFZ 1, C4<z>; HiZ drive
v0000000006068b00_0 .net "DIA2", 0 0, o000000000600e028;  0 drivers
o000000000600e058 .functor BUFZ 1, C4<z>; HiZ drive
v0000000006069280_0 .net "DIA3", 0 0, o000000000600e058;  0 drivers
o000000000600e088 .functor BUFZ 1, C4<z>; HiZ drive
v0000000006068100_0 .net "DIA4", 0 0, o000000000600e088;  0 drivers
o000000000600e0b8 .functor BUFZ 1, C4<z>; HiZ drive
v0000000006069640_0 .net "DIA5", 0 0, o000000000600e0b8;  0 drivers
o000000000600e0e8 .functor BUFZ 1, C4<z>; HiZ drive
v0000000006069b40_0 .net "DIA6", 0 0, o000000000600e0e8;  0 drivers
o000000000600e118 .functor BUFZ 1, C4<z>; HiZ drive
v0000000006069e60_0 .net "DIA7", 0 0, o000000000600e118;  0 drivers
o000000000600e148 .functor BUFZ 1, C4<z>; HiZ drive
v0000000006069500_0 .net "DIA8", 0 0, o000000000600e148;  0 drivers
o000000000600e178 .functor BUFZ 1, C4<z>; HiZ drive
v0000000006068240_0 .net "DIA9", 0 0, o000000000600e178;  0 drivers
o000000000600e1a8 .functor BUFZ 1, C4<z>; HiZ drive
v0000000006068380_0 .net "DIB0", 0 0, o000000000600e1a8;  0 drivers
o000000000600e1d8 .functor BUFZ 1, C4<z>; HiZ drive
v0000000006068ba0_0 .net "DIB1", 0 0, o000000000600e1d8;  0 drivers
o000000000600e208 .functor BUFZ 1, C4<z>; HiZ drive
v0000000006068420_0 .net "DIB10", 0 0, o000000000600e208;  0 drivers
o000000000600e238 .functor BUFZ 1, C4<z>; HiZ drive
v0000000006068c40_0 .net "DIB11", 0 0, o000000000600e238;  0 drivers
o000000000600e268 .functor BUFZ 1, C4<z>; HiZ drive
v0000000006068ce0_0 .net "DIB12", 0 0, o000000000600e268;  0 drivers
o000000000600e298 .functor BUFZ 1, C4<z>; HiZ drive
v0000000006068ec0_0 .net "DIB13", 0 0, o000000000600e298;  0 drivers
o000000000600e2c8 .functor BUFZ 1, C4<z>; HiZ drive
v000000000606a930_0 .net "DIB14", 0 0, o000000000600e2c8;  0 drivers
o000000000600e2f8 .functor BUFZ 1, C4<z>; HiZ drive
v000000000606ad90_0 .net "DIB15", 0 0, o000000000600e2f8;  0 drivers
o000000000600e328 .functor BUFZ 1, C4<z>; HiZ drive
v000000000606af70_0 .net "DIB16", 0 0, o000000000600e328;  0 drivers
o000000000600e358 .functor BUFZ 1, C4<z>; HiZ drive
v000000000606b150_0 .net "DIB17", 0 0, o000000000600e358;  0 drivers
o000000000600e388 .functor BUFZ 1, C4<z>; HiZ drive
v000000000606ab10_0 .net "DIB2", 0 0, o000000000600e388;  0 drivers
o000000000600e3b8 .functor BUFZ 1, C4<z>; HiZ drive
v000000000606b010_0 .net "DIB3", 0 0, o000000000600e3b8;  0 drivers
o000000000600e3e8 .functor BUFZ 1, C4<z>; HiZ drive
v000000000606a110_0 .net "DIB4", 0 0, o000000000600e3e8;  0 drivers
o000000000600e418 .functor BUFZ 1, C4<z>; HiZ drive
v000000000606a1b0_0 .net "DIB5", 0 0, o000000000600e418;  0 drivers
o000000000600e448 .functor BUFZ 1, C4<z>; HiZ drive
v000000000606abb0_0 .net "DIB6", 0 0, o000000000600e448;  0 drivers
o000000000600e478 .functor BUFZ 1, C4<z>; HiZ drive
v000000000606a250_0 .net "DIB7", 0 0, o000000000600e478;  0 drivers
o000000000600e4a8 .functor BUFZ 1, C4<z>; HiZ drive
v000000000606bab0_0 .net "DIB8", 0 0, o000000000600e4a8;  0 drivers
o000000000600e4d8 .functor BUFZ 1, C4<z>; HiZ drive
v000000000606a2f0_0 .net "DIB9", 0 0, o000000000600e4d8;  0 drivers
o000000000600e508 .functor BUFZ 1, C4<z>; HiZ drive
v000000000606a570_0 .net "DOA0", 0 0, o000000000600e508;  0 drivers
o000000000600e538 .functor BUFZ 1, C4<z>; HiZ drive
v000000000606b1f0_0 .net "DOA1", 0 0, o000000000600e538;  0 drivers
o000000000600e568 .functor BUFZ 1, C4<z>; HiZ drive
v000000000606b0b0_0 .net "DOA10", 0 0, o000000000600e568;  0 drivers
o000000000600e598 .functor BUFZ 1, C4<z>; HiZ drive
v000000000606b650_0 .net "DOA11", 0 0, o000000000600e598;  0 drivers
o000000000600e5c8 .functor BUFZ 1, C4<z>; HiZ drive
v000000000606a390_0 .net "DOA12", 0 0, o000000000600e5c8;  0 drivers
o000000000600e5f8 .functor BUFZ 1, C4<z>; HiZ drive
v000000000606b510_0 .net "DOA13", 0 0, o000000000600e5f8;  0 drivers
o000000000600e628 .functor BUFZ 1, C4<z>; HiZ drive
v000000000606aa70_0 .net "DOA14", 0 0, o000000000600e628;  0 drivers
o000000000600e658 .functor BUFZ 1, C4<z>; HiZ drive
v000000000606b330_0 .net "DOA15", 0 0, o000000000600e658;  0 drivers
o000000000600e688 .functor BUFZ 1, C4<z>; HiZ drive
v000000000606ba10_0 .net "DOA16", 0 0, o000000000600e688;  0 drivers
o000000000600e6b8 .functor BUFZ 1, C4<z>; HiZ drive
v000000000606be70_0 .net "DOA17", 0 0, o000000000600e6b8;  0 drivers
o000000000600e6e8 .functor BUFZ 1, C4<z>; HiZ drive
v000000000606a890_0 .net "DOA2", 0 0, o000000000600e6e8;  0 drivers
o000000000600e718 .functor BUFZ 1, C4<z>; HiZ drive
v000000000606acf0_0 .net "DOA3", 0 0, o000000000600e718;  0 drivers
o000000000600e748 .functor BUFZ 1, C4<z>; HiZ drive
v000000000606b290_0 .net "DOA4", 0 0, o000000000600e748;  0 drivers
o000000000600e778 .functor BUFZ 1, C4<z>; HiZ drive
v000000000606b3d0_0 .net "DOA5", 0 0, o000000000600e778;  0 drivers
o000000000600e7a8 .functor BUFZ 1, C4<z>; HiZ drive
v000000000606a6b0_0 .net "DOA6", 0 0, o000000000600e7a8;  0 drivers
o000000000600e7d8 .functor BUFZ 1, C4<z>; HiZ drive
v000000000606bd30_0 .net "DOA7", 0 0, o000000000600e7d8;  0 drivers
o000000000600e808 .functor BUFZ 1, C4<z>; HiZ drive
v000000000606b5b0_0 .net "DOA8", 0 0, o000000000600e808;  0 drivers
o000000000600e838 .functor BUFZ 1, C4<z>; HiZ drive
v000000000606bb50_0 .net "DOA9", 0 0, o000000000600e838;  0 drivers
o000000000600e868 .functor BUFZ 1, C4<z>; HiZ drive
v000000000606ac50_0 .net "DOB0", 0 0, o000000000600e868;  0 drivers
o000000000600e898 .functor BUFZ 1, C4<z>; HiZ drive
v000000000606ae30_0 .net "DOB1", 0 0, o000000000600e898;  0 drivers
o000000000600e8c8 .functor BUFZ 1, C4<z>; HiZ drive
v000000000606a4d0_0 .net "DOB10", 0 0, o000000000600e8c8;  0 drivers
o000000000600e8f8 .functor BUFZ 1, C4<z>; HiZ drive
v000000000606a9d0_0 .net "DOB11", 0 0, o000000000600e8f8;  0 drivers
o000000000600e928 .functor BUFZ 1, C4<z>; HiZ drive
v000000000606a610_0 .net "DOB12", 0 0, o000000000600e928;  0 drivers
o000000000600e958 .functor BUFZ 1, C4<z>; HiZ drive
v000000000606bbf0_0 .net "DOB13", 0 0, o000000000600e958;  0 drivers
o000000000600e988 .functor BUFZ 1, C4<z>; HiZ drive
v000000000606bdd0_0 .net "DOB14", 0 0, o000000000600e988;  0 drivers
o000000000600e9b8 .functor BUFZ 1, C4<z>; HiZ drive
v000000000606a750_0 .net "DOB15", 0 0, o000000000600e9b8;  0 drivers
o000000000600e9e8 .functor BUFZ 1, C4<z>; HiZ drive
v000000000606b470_0 .net "DOB16", 0 0, o000000000600e9e8;  0 drivers
o000000000600ea18 .functor BUFZ 1, C4<z>; HiZ drive
v000000000606b6f0_0 .net "DOB17", 0 0, o000000000600ea18;  0 drivers
o000000000600ea48 .functor BUFZ 1, C4<z>; HiZ drive
v000000000606b8d0_0 .net "DOB2", 0 0, o000000000600ea48;  0 drivers
o000000000600ea78 .functor BUFZ 1, C4<z>; HiZ drive
v000000000606bc90_0 .net "DOB3", 0 0, o000000000600ea78;  0 drivers
o000000000600eaa8 .functor BUFZ 1, C4<z>; HiZ drive
v000000000606a7f0_0 .net "DOB4", 0 0, o000000000600eaa8;  0 drivers
o000000000600ead8 .functor BUFZ 1, C4<z>; HiZ drive
v000000000606b970_0 .net "DOB5", 0 0, o000000000600ead8;  0 drivers
o000000000600eb08 .functor BUFZ 1, C4<z>; HiZ drive
v000000000606b830_0 .net "DOB6", 0 0, o000000000600eb08;  0 drivers
o000000000600eb38 .functor BUFZ 1, C4<z>; HiZ drive
v000000000606aed0_0 .net "DOB7", 0 0, o000000000600eb38;  0 drivers
o000000000600eb68 .functor BUFZ 1, C4<z>; HiZ drive
v000000000606bf10_0 .net "DOB8", 0 0, o000000000600eb68;  0 drivers
o000000000600eb98 .functor BUFZ 1, C4<z>; HiZ drive
v000000000606b790_0 .net "DOB9", 0 0, o000000000600eb98;  0 drivers
o000000000600ebc8 .functor BUFZ 1, C4<z>; HiZ drive
v000000000606a070_0 .net "OCEA", 0 0, o000000000600ebc8;  0 drivers
o000000000600ebf8 .functor BUFZ 1, C4<z>; HiZ drive
v000000000606a430_0 .net "OCEB", 0 0, o000000000600ebf8;  0 drivers
o000000000600ec28 .functor BUFZ 1, C4<z>; HiZ drive
v000000000606ce40_0 .net "RSTA", 0 0, o000000000600ec28;  0 drivers
o000000000600ec58 .functor BUFZ 1, C4<z>; HiZ drive
v000000000606d980_0 .net "RSTB", 0 0, o000000000600ec58;  0 drivers
o000000000600ec88 .functor BUFZ 1, C4<z>; HiZ drive
v000000000606c940_0 .net "WEA", 0 0, o000000000600ec88;  0 drivers
o000000000600ecb8 .functor BUFZ 1, C4<z>; HiZ drive
v000000000606ca80_0 .net "WEB", 0 0, o000000000600ecb8;  0 drivers
S_0000000005ec3120 .scope module, "DPR16X4C" "DPR16X4C" 2 236;
 .timescale 0 0;
    .port_info 0 /INPUT 4 "DI";
    .port_info 1 /INPUT 1 "WCK";
    .port_info 2 /INPUT 1 "WRE";
    .port_info 3 /INPUT 4 "RAD";
    .port_info 4 /INPUT 4 "WAD";
    .port_info 5 /OUTPUT 4 "DO";
P_0000000005ee9e00 .param/str "INITVAL" 0 2 245, "0x0000000000000000";
P_0000000005ee9e38 .param/l "conv_initval" 1 2 275, C4<0000000000000000000000000000000000000000000000000000000000000000>;
L_0000000005fad150 .functor BUFZ 4, L_00000000060779e0, C4<0000>, C4<0000>, C4<0000>;
o00000000060103c8 .functor BUFZ 4, C4<zzzz>; HiZ drive
v000000000606d660_0 .net "DI", 3 0, o00000000060103c8;  0 drivers
v000000000606d700_0 .net "DO", 3 0, L_0000000005fad150;  1 drivers
o0000000006010428 .functor BUFZ 4, C4<zzzz>; HiZ drive
v000000000606dc00_0 .net "RAD", 3 0, o0000000006010428;  0 drivers
o0000000006010458 .functor BUFZ 4, C4<zzzz>; HiZ drive
v000000000606d7a0_0 .net "WAD", 3 0, o0000000006010458;  0 drivers
o0000000006010488 .functor BUFZ 1, C4<z>; HiZ drive
v000000000606de80_0 .net "WCK", 0 0, o0000000006010488;  0 drivers
o00000000060104b8 .functor BUFZ 1, C4<z>; HiZ drive
v000000000606c8a0_0 .net "WRE", 0 0, o00000000060104b8;  0 drivers
v000000000606da20_0 .net *"_ivl_0", 3 0, L_00000000060779e0;  1 drivers
v000000000606c080_0 .net *"_ivl_2", 5 0, L_0000000006076fe0;  1 drivers
L_000000000607a0b8 .functor BUFT 1, C4<00>, C4<0>, C4<0>, C4<0>;
v000000000606df20_0 .net *"_ivl_5", 1 0, L_000000000607a0b8;  1 drivers
v000000000606d840_0 .var/i "i", 31 0;
v000000000606dac0 .array "ram", 15 0, 3 0;
E_0000000005fcd2d0 .event posedge, v000000000606de80_0;
L_00000000060779e0 .array/port v000000000606dac0, L_0000000006076fe0;
L_0000000006076fe0 .concat [ 4 2 0 0], o0000000006010428, L_000000000607a0b8;
S_0000000005effcb0 .scope function.vec4.s64, "convert_initval" "convert_initval" 2 247, 2 247 0, S_0000000005ec3120;
 .timescale 0 0;
v000000000606c800_0 .var "char", 7 0;
; Variable convert_initval is vec4 return value of scope S_0000000005effcb0
v000000000606db60_0 .var "done", 0 0;
v000000000606c120_0 .var "hex_initval", 143 0;
v000000000606c1c0_0 .var/i "i", 31 0;
v000000000606c260_0 .var "temp", 63 0;
TD_DPR16X4C.convert_initval ;
    %pushi/vec4 0, 0, 1;
    %store/vec4 v000000000606db60_0, 0, 1;
    %pushi/vec4 0, 0, 64;
    %store/vec4 v000000000606c260_0, 0, 64;
    %pushi/vec4 0, 0, 32;
    %store/vec4 v000000000606c1c0_0, 0, 32;
T_0.0 ;
    %load/vec4 v000000000606c1c0_0;
    %cmpi/s 16, 0, 32;
    %jmp/0xz T_0.1, 5;
    %load/vec4 v000000000606db60_0;
    %nor/r;
    %flag_set/vec4 8;
    %jmp/0xz  T_0.2, 8;
    %load/vec4 v000000000606c120_0;
    %load/vec4 v000000000606c1c0_0;
    %muli 8, 0, 32;
    %part/s 8;
    %store/vec4 v000000000606c800_0, 0, 8;
    %load/vec4 v000000000606c800_0;
    %pushi/vec4 120, 0, 8; draw_string_vec4
    %cmp/e;
    %jmp/0xz  T_0.4, 4;
    %pushi/vec4 1, 0, 1;
    %store/vec4 v000000000606db60_0, 0, 1;
    %jmp T_0.5;
T_0.4 ;
    %pushi/vec4 48, 0, 8; draw_string_vec4
    %load/vec4 v000000000606c800_0;
    %cmp/u;
    %flag_get/vec4 4;
    %flag_get/vec4 5;
    %or;
    %load/vec4 v000000000606c800_0;
    %pushi/vec4 57, 0, 8; draw_string_vec4
    %cmp/u;
    %flag_get/vec4 4;
    %flag_get/vec4 5;
    %or;
    %and;
    %flag_set/vec4 8;
    %jmp/0xz  T_0.6, 8;
    %load/vec4 v000000000606c800_0;
    %pushi/vec4 48, 0, 8; draw_string_vec4
    %sub;
    %pad/u 4;
    %load/vec4 v000000000606c1c0_0;
    %muli 4, 0, 32;
    %ix/vec4/s 4;
    %store/vec4 v000000000606c260_0, 4, 4;
    %jmp T_0.7;
T_0.6 ;
    %pushi/vec4 65, 0, 8; draw_string_vec4
    %load/vec4 v000000000606c800_0;
    %cmp/u;
    %flag_get/vec4 4;
    %flag_get/vec4 5;
    %or;
    %load/vec4 v000000000606c800_0;
    %pushi/vec4 70, 0, 8; draw_string_vec4
    %cmp/u;
    %flag_get/vec4 4;
    %flag_get/vec4 5;
    %or;
    %and;
    %flag_set/vec4 8;
    %jmp/0xz  T_0.8, 8;
    %pushi/vec4 10, 0, 8;
    %load/vec4 v000000000606c800_0;
    %add;
    %pushi/vec4 65, 0, 8; draw_string_vec4
    %sub;
    %pad/u 4;
    %load/vec4 v000000000606c1c0_0;
    %muli 4, 0, 32;
    %ix/vec4/s 4;
    %store/vec4 v000000000606c260_0, 4, 4;
    %jmp T_0.9;
T_0.8 ;
    %pushi/vec4 97, 0, 8; draw_string_vec4
    %load/vec4 v000000000606c800_0;
    %cmp/u;
    %flag_get/vec4 4;
    %flag_get/vec4 5;
    %or;
    %load/vec4 v000000000606c800_0;
    %pushi/vec4 102, 0, 8; draw_string_vec4
    %cmp/u;
    %flag_get/vec4 4;
    %flag_get/vec4 5;
    %or;
    %and;
    %flag_set/vec4 8;
    %jmp/0xz  T_0.10, 8;
    %pushi/vec4 10, 0, 8;
    %load/vec4 v000000000606c800_0;
    %add;
    %pushi/vec4 97, 0, 8; draw_string_vec4
    %sub;
    %pad/u 4;
    %load/vec4 v000000000606c1c0_0;
    %muli 4, 0, 32;
    %ix/vec4/s 4;
    %store/vec4 v000000000606c260_0, 4, 4;
T_0.10 ;
T_0.9 ;
T_0.7 ;
T_0.5 ;
T_0.2 ;
    %load/vec4 v000000000606c1c0_0;
    %addi 1, 0, 32;
    %store/vec4 v000000000606c1c0_0, 0, 32;
    %jmp T_0.0;
T_0.1 ;
    %load/vec4 v000000000606c260_0;
    %ret/vec4 0, 0, 64;  Assign to convert_initval (store_vec4_to_lval)
    %end;
S_0000000005ec32b0 .scope module, "INV" "INV" 2 422;
 .timescale 0 0;
    .port_info 0 /INPUT 1 "A";
    .port_info 1 /OUTPUT 1 "Z";
o00000000060106c8 .functor BUFZ 1, C4<z>; HiZ drive
v000000000606dca0_0 .net "A", 0 0, o00000000060106c8;  0 drivers
v000000000606cee0_0 .net "Z", 0 0, L_0000000006077f80;  1 drivers
L_0000000006077f80 .reduce/nor o00000000060106c8;
S_0000000005f36750 .scope module, "TRELLIS_DPR16X4" "TRELLIS_DPR16X4" 2 190;
 .timescale 0 0;
    .port_info 0 /INPUT 4 "DI";
    .port_info 1 /INPUT 4 "WAD";
    .port_info 2 /INPUT 1 "WRE";
    .port_info 3 /INPUT 1 "WCK";
    .port_info 4 /INPUT 4 "RAD";
    .port_info 5 /OUTPUT 4 "DO";
P_0000000005ef1be0 .param/l "INITVAL" 0 2 200, C4<0000000000000000000000000000000000000000000000000000000000000000>;
P_0000000005ef1c18 .param/str "WCKMUX" 0 2 198, "WCK";
P_0000000005ef1c50 .param/str "WREMUX" 0 2 199, "WRE";
o0000000006010848 .functor BUFZ 1, C4<z>; HiZ drive
L_0000000005fad770 .functor BUFZ 1, o0000000006010848, C4<0>, C4<0>, C4<0>;
L_0000000005fad8c0 .functor BUFZ 4, L_00000000060771c0, C4<0000>, C4<0000>, C4<0000>;
o0000000006010788 .functor BUFZ 4, C4<zzzz>; HiZ drive
v000000000606d8e0_0 .net "DI", 3 0, o0000000006010788;  0 drivers
v000000000606cd00_0 .net "DO", 3 0, L_0000000005fad8c0;  1 drivers
o00000000060107e8 .functor BUFZ 4, C4<zzzz>; HiZ drive
v000000000606cf80_0 .net "RAD", 3 0, o00000000060107e8;  0 drivers
o0000000006010818 .functor BUFZ 4, C4<zzzz>; HiZ drive
v000000000606c300_0 .net "WAD", 3 0, o0000000006010818;  0 drivers
v000000000606dd40_0 .net "WCK", 0 0, o0000000006010848;  0 drivers
o0000000006010878 .functor BUFZ 1, C4<z>; HiZ drive
v000000000606d3e0_0 .net "WRE", 0 0, o0000000006010878;  0 drivers
v000000000606c4e0_0 .net *"_ivl_2", 3 0, L_00000000060771c0;  1 drivers
v000000000606cb20_0 .net *"_ivl_4", 5 0, L_0000000006076720;  1 drivers
L_000000000607a100 .functor BUFT 1, C4<00>, C4<0>, C4<0>, C4<0>;
v000000000606dde0_0 .net *"_ivl_7", 1 0, L_000000000607a100;  1 drivers
v000000000606cda0_0 .var/i "i", 31 0;
v000000000606c3a0 .array "mem", 0 15, 3 0;
v000000000606c440_0 .net "muxwck", 0 0, L_0000000005fad770;  1 drivers
v000000000606c620_0 .var "muxwre", 0 0;
E_0000000005fcd210 .event posedge, v000000000606c440_0;
E_0000000005fcd250 .event anyedge, v000000000606d3e0_0;
L_00000000060771c0 .array/port v000000000606c3a0, L_0000000006076720;
L_0000000006076720 .concat [ 4 2 0 0], o00000000060107e8, L_000000000607a100;
S_0000000005f368e0 .scope module, "TRELLIS_IO" "TRELLIS_IO" 2 393;
 .timescale 0 0;
    .port_info 0 /INOUT 1 "B";
    .port_info 1 /INPUT 1 "I";
    .port_info 2 /INPUT 1 "T";
    .port_info 3 /OUTPUT 1 "O";
P_0000000005fccc50 .param/str "DIR" 0 2 399, "INPUT";
o0000000006010ae8 .functor BUFZ 1, C4<z>; HiZ drive
v000000000606c580_0 .net "B", 0 0, o0000000006010ae8;  0 drivers
o0000000006010b18 .functor BUFZ 1, C4<z>; HiZ drive
v000000000606c6c0_0 .net "I", 0 0, o0000000006010b18;  0 drivers
v000000000606c760_0 .net "O", 0 0, L_0000000005fad310;  1 drivers
o0000000006010b78 .functor BUFZ 1, C4<z>; HiZ drive
v000000000606c9e0_0 .net "T", 0 0, o0000000006010b78;  0 drivers
v000000000606d480_0 .var "T_pd", 0 0;
E_0000000005fcd690 .event anyedge, v000000000606c9e0_0;
S_0000000005effe40 .scope generate, "genblk1" "genblk1" 2 404, 2 404 0, S_0000000005f368e0;
 .timescale 0 0;
L_0000000005fad310 .functor BUFZ 1, o0000000006010ae8, C4<0>, C4<0>, C4<0>;
S_0000000005f36a70 .scope module, "TRELLIS_SLICE" "TRELLIS_SLICE" 2 428;
 .timescale 0 0;
    .port_info 0 /INPUT 1 "A0";
    .port_info 1 /INPUT 1 "B0";
    .port_info 2 /INPUT 1 "C0";
    .port_info 3 /INPUT 1 "D0";
    .port_info 4 /INPUT 1 "A1";
    .port_info 5 /INPUT 1 "B1";
    .port_info 6 /INPUT 1 "C1";
    .port_info 7 /INPUT 1 "D1";
    .port_info 8 /INPUT 1 "M0";
    .port_info 9 /INPUT 1 "M1";
    .port_info 10 /INPUT 1 "FCI";
    .port_info 11 /INPUT 1 "FXA";
    .port_info 12 /INPUT 1 "FXB";
    .port_info 13 /INPUT 1 "CLK";
    .port_info 14 /INPUT 1 "LSR";
    .port_info 15 /INPUT 1 "CE";
    .port_info 16 /INPUT 1 "DI0";
    .port_info 17 /INPUT 1 "DI1";
    .port_info 18 /INPUT 1 "WD0";
    .port_info 19 /INPUT 1 "WD1";
    .port_info 20 /INPUT 1 "WAD0";
    .port_info 21 /INPUT 1 "WAD1";
    .port_info 22 /INPUT 1 "WAD2";
    .port_info 23 /INPUT 1 "WAD3";
    .port_info 24 /INPUT 1 "WRE";
    .port_info 25 /INPUT 1 "WCK";
    .port_info 26 /OUTPUT 1 "F0";
    .port_info 27 /OUTPUT 1 "Q0";
    .port_info 28 /OUTPUT 1 "F1";
    .port_info 29 /OUTPUT 1 "Q1";
    .port_info 30 /OUTPUT 1 "FCO";
    .port_info 31 /OUTPUT 1 "OFX0";
    .port_info 32 /OUTPUT 1 "OFX1";
    .port_info 33 /OUTPUT 1 "WDO0";
    .port_info 34 /OUTPUT 1 "WDO1";
    .port_info 35 /OUTPUT 1 "WDO2";
    .port_info 36 /OUTPUT 1 "WDO3";
    .port_info 37 /OUTPUT 1 "WADO0";
    .port_info 38 /OUTPUT 1 "WADO1";
    .port_info 39 /OUTPUT 1 "WADO2";
    .port_info 40 /OUTPUT 1 "WADO3";
P_000000000600c980 .param/str "A0MUX" 0 2 468, "A0";
P_000000000600c9b8 .param/str "A1MUX" 0 2 469, "A1";
P_000000000600c9f0 .param/str "B0MUX" 0 2 470, "B0";
P_000000000600ca28 .param/str "B1MUX" 0 2 471, "B1";
P_000000000600ca60 .param/str "C0MUX" 0 2 472, "C0";
P_000000000600ca98 .param/str "C1MUX" 0 2 473, "C1";
P_000000000600cad0 .param/str "CCU2_INJECT1_0" 0 2 463, "\000\000\000\000\000\000\000\000\000\000\000\000\000\000NO";
P_000000000600cb08 .param/str "CCU2_INJECT1_1" 0 2 464, "\000\000\000\000\000\000\000\000\000\000\000\000\000\000NO";
P_000000000600cb40 .param/str "CEMUX" 0 2 452, "\000\000\000\000\000\000\000\000\000\000\000\000\000\000\0001";
P_000000000600cb78 .param/str "CLKMUX" 0 2 453, "CLK";
P_000000000600cbb0 .param/str "D0MUX" 0 2 474, "D0";
P_000000000600cbe8 .param/str "D1MUX" 0 2 475, "D1";
P_000000000600cc20 .param/str "GSR" 0 2 450, "ENABLED";
P_000000000600cc58 .param/str "LSRMUX" 0 2 454, "LSR";
P_000000000600cc90 .param/l "LUT0_INITVAL" 0 2 455, C4<0000000000000000>;
P_000000000600ccc8 .param/l "LUT1_INITVAL" 0 2 456, C4<0000000000000000>;
P_000000000600cd00 .param/str "MODE" 0 2 449, "LOGIC";
P_000000000600cd38 .param/str "REG0_LSRMODE" 0 2 461, "LSR";
P_000000000600cd70 .param/str "REG0_REGSET" 0 2 459, "RESET";
P_000000000600cda8 .param/str "REG0_SD" 0 2 457, "0";
P_000000000600cde0 .param/str "REG1_LSRMODE" 0 2 462, "LSR";
P_000000000600ce18 .param/str "REG1_REGSET" 0 2 460, "RESET";
P_000000000600ce50 .param/str "REG1_SD" 0 2 458, "0";
P_000000000600ce88 .param/str "SRMODE" 0 2 451, "LSR_OVER_CE";
P_000000000600cec0 .param/str "WCKMUX" 0 2 466, "WCK";
P_000000000600cef8 .param/str "WREMUX" 0 2 465, "WRE";
o0000000006010d58 .functor BUFZ 1, C4<z>; HiZ drive
L_00000000060c21f0 .functor BUFZ 1, o0000000006010d58, C4<0>, C4<0>, C4<0>;
o0000000006010fc8 .functor BUFZ 1, C4<z>; HiZ drive
L_00000000060c2ce0 .functor BUFZ 1, o0000000006010fc8, C4<0>, C4<0>, C4<0>;
o0000000006011cb8 .functor BUFZ 1, C4<z>; HiZ drive
v0000000006074490_0 .net "A0", 0 0, o0000000006011cb8;  0 drivers
v0000000006074670_0 .net "A0m", 0 0, L_0000000005fadc40;  1 drivers
o0000000006011ce8 .functor BUFZ 1, C4<z>; HiZ drive
v0000000006074b70_0 .net "A1", 0 0, o0000000006011ce8;  0 drivers
v0000000006075610_0 .net "A1m", 0 0, L_0000000005fad7e0;  1 drivers
o0000000006011d18 .functor BUFZ 1, C4<z>; HiZ drive
v0000000006074df0_0 .net "B0", 0 0, o0000000006011d18;  0 drivers
v0000000006074350_0 .net "B0m", 0 0, L_0000000005fade00;  1 drivers
o0000000006011d48 .functor BUFZ 1, C4<z>; HiZ drive
v0000000006075250_0 .net "B1", 0 0, o0000000006011d48;  0 drivers
v0000000006075110_0 .net "B1m", 0 0, L_0000000005fadd90;  1 drivers
o0000000006011d78 .functor BUFZ 1, C4<z>; HiZ drive
v0000000006074170_0 .net "C0", 0 0, o0000000006011d78;  0 drivers
v0000000006075390_0 .net "C0m", 0 0, L_0000000005fad3f0;  1 drivers
o0000000006011da8 .functor BUFZ 1, C4<z>; HiZ drive
v0000000006074530_0 .net "C1", 0 0, o0000000006011da8;  0 drivers
v0000000006074710_0 .net "C1m", 0 0, L_0000000005f312d0;  1 drivers
o0000000006010c98 .functor BUFZ 1, C4<z>; HiZ drive
v00000000060757f0_0 .net "CE", 0 0, o0000000006010c98;  0 drivers
o0000000006010cc8 .functor BUFZ 1, C4<z>; HiZ drive
v0000000006075ed0_0 .net "CLK", 0 0, o0000000006010cc8;  0 drivers
o0000000006011dd8 .functor BUFZ 1, C4<z>; HiZ drive
v00000000060756b0_0 .net "D0", 0 0, o0000000006011dd8;  0 drivers
v0000000006074e90_0 .net "D0m", 0 0, L_0000000005fad690;  1 drivers
o0000000006011e08 .functor BUFZ 1, C4<z>; HiZ drive
v00000000060751b0_0 .net "D1", 0 0, o0000000006011e08;  0 drivers
v0000000006075890_0 .net "D1m", 0 0, L_00000000060c2e30;  1 drivers
o0000000006011e38 .functor BUFZ 1, C4<z>; HiZ drive
v0000000006075e30_0 .net "DI0", 0 0, o0000000006011e38;  0 drivers
o0000000006011e68 .functor BUFZ 1, C4<z>; HiZ drive
v0000000006075070_0 .net "DI1", 0 0, o0000000006011e68;  0 drivers
v0000000006074f30_0 .net "F0", 0 0, L_0000000006076b80;  1 drivers
v00000000060745d0_0 .net "F1", 0 0, L_00000000060760e0;  1 drivers
o0000000006011e98 .functor BUFZ 1, C4<z>; HiZ drive
v00000000060748f0_0 .net "FCI", 0 0, o0000000006011e98;  0 drivers
o0000000006011ec8 .functor BUFZ 1, C4<z>; HiZ drive
v0000000006074c10_0 .net "FCO", 0 0, o0000000006011ec8;  0 drivers
o0000000006011ad8 .functor BUFZ 1, C4<z>; HiZ drive
v00000000060752f0_0 .net "FXA", 0 0, o0000000006011ad8;  0 drivers
o0000000006011b08 .functor BUFZ 1, C4<z>; HiZ drive
v0000000006075430_0 .net "FXB", 0 0, o0000000006011b08;  0 drivers
o0000000006010d28 .functor BUFZ 1, C4<z>; HiZ drive
v00000000060747b0_0 .net "LSR", 0 0, o0000000006010d28;  0 drivers
v00000000060754d0_0 .net "M0", 0 0, o0000000006010d58;  0 drivers
v0000000006074850_0 .net "M1", 0 0, o0000000006010fc8;  0 drivers
v00000000060742b0_0 .net "OFX0", 0 0, L_00000000060774e0;  1 drivers
v0000000006074a30_0 .net "OFX1", 0 0, L_0000000006077580;  1 drivers
v0000000006075750_0 .net "Q0", 0 0, v000000000606d160_0;  1 drivers
v0000000006075d90_0 .net "Q1", 0 0, v000000000606f820_0;  1 drivers
o0000000006011ef8 .functor BUFZ 1, C4<z>; HiZ drive
v0000000006075570_0 .net "WAD0", 0 0, o0000000006011ef8;  0 drivers
o0000000006011f28 .functor BUFZ 1, C4<z>; HiZ drive
v00000000060759d0_0 .net "WAD1", 0 0, o0000000006011f28;  0 drivers
o0000000006011f58 .functor BUFZ 1, C4<z>; HiZ drive
v0000000006074990_0 .net "WAD2", 0 0, o0000000006011f58;  0 drivers
o0000000006011f88 .functor BUFZ 1, C4<z>; HiZ drive
v0000000006075c50_0 .net "WAD3", 0 0, o0000000006011f88;  0 drivers
o0000000006011fb8 .functor BUFZ 1, C4<z>; HiZ drive
v0000000006074ad0_0 .net "WADO0", 0 0, o0000000006011fb8;  0 drivers
o0000000006011fe8 .functor BUFZ 1, C4<z>; HiZ drive
v0000000006074cb0_0 .net "WADO1", 0 0, o0000000006011fe8;  0 drivers
o0000000006012018 .functor BUFZ 1, C4<z>; HiZ drive
v0000000006074d50_0 .net "WADO2", 0 0, o0000000006012018;  0 drivers
o0000000006012048 .functor BUFZ 1, C4<z>; HiZ drive
v0000000006075a70_0 .net "WADO3", 0 0, o0000000006012048;  0 drivers
o0000000006012078 .functor BUFZ 1, C4<z>; HiZ drive
v0000000006075b10_0 .net "WCK", 0 0, o0000000006012078;  0 drivers
o00000000060120a8 .functor BUFZ 1, C4<z>; HiZ drive
v0000000006075bb0_0 .net "WD0", 0 0, o00000000060120a8;  0 drivers
o00000000060120d8 .functor BUFZ 1, C4<z>; HiZ drive
v0000000006075cf0_0 .net "WD1", 0 0, o00000000060120d8;  0 drivers
o0000000006012108 .functor BUFZ 1, C4<z>; HiZ drive
v0000000006075f70_0 .net "WDO0", 0 0, o0000000006012108;  0 drivers
o0000000006012138 .functor BUFZ 1, C4<z>; HiZ drive
v00000000060740d0_0 .net "WDO1", 0 0, o0000000006012138;  0 drivers
o0000000006012168 .functor BUFZ 1, C4<z>; HiZ drive
v0000000006076220_0 .net "WDO2", 0 0, o0000000006012168;  0 drivers
o0000000006012198 .functor BUFZ 1, C4<z>; HiZ drive
v0000000006077080_0 .net "WDO3", 0 0, o0000000006012198;  0 drivers
o00000000060121c8 .functor BUFZ 1, C4<z>; HiZ drive
v0000000006077120_0 .net "WRE", 0 0, o00000000060121c8;  0 drivers
v00000000060767c0_0 .net "muxdi0", 0 0, L_00000000060c21f0;  1 drivers
v0000000006076e00_0 .net "muxdi1", 0 0, L_00000000060c2ce0;  1 drivers
S_0000000005efffd0 .scope module, "ff_0" "TRELLIS_FF" 2 581, 2 311 0, S_0000000005f36a70;
 .timescale 0 0;
    .port_info 0 /INPUT 1 "CLK";
    .port_info 1 /INPUT 1 "LSR";
    .port_info 2 /INPUT 1 "CE";
    .port_info 3 /INPUT 1 "DI";
    .port_info 4 /INPUT 1 "M";
    .port_info 5 /OUTPUT 1 "Q";
P_0000000005efb690 .param/str "CEMUX" 0 2 313, "\000\000\000\000\000\000\000\000\000\000\000\000\000\000\0001";
P_0000000005efb6c8 .param/str "CLKMUX" 0 2 314, "CLK";
P_0000000005efb700 .param/str "GSR" 0 2 312, "ENABLED";
P_0000000005efb738 .param/l "LSRMODE" 0 2 318, C4<00000000000000000000000000000000000000000000000000000000000000000000000000000000000000000000000000000000010011000101001101010010>;
P_0000000005efb770 .param/str "LSRMUX" 0 2 315, "LSR";
P_0000000005efb7a8 .param/str "REGSET" 0 2 317, "RESET";
P_0000000005efb7e0 .param/str "SRMODE" 0 2 316, "LSR_OVER_CE";
L_00000000060c2260 .functor BUFZ 1, o0000000006010d28, C4<0>, C4<0>, C4<0>;
L_00000000060c2420 .functor BUFZ 1, o0000000006010cc8, C4<0>, C4<0>, C4<0>;
v000000000606cbc0_0 .net "CE", 0 0, o0000000006010c98;  alias, 0 drivers
v000000000606d5c0_0 .net "CLK", 0 0, o0000000006010cc8;  alias, 0 drivers
v000000000606cc60_0 .net "DI", 0 0, L_00000000060c21f0;  alias, 1 drivers
v000000000606d020_0 .net "LSR", 0 0, o0000000006010d28;  alias, 0 drivers
v000000000606d0c0_0 .net "M", 0 0, o0000000006010d58;  alias, 0 drivers
v000000000606d160_0 .var "Q", 0 0;
L_000000000607a268 .functor BUFT 1, C4<1>, C4<0>, C4<0>, C4<0>;
v000000000606d200_0 .net "muxce", 0 0, L_000000000607a268;  1 drivers
v000000000606d2a0_0 .net "muxclk", 0 0, L_00000000060c2420;  1 drivers
v000000000606d340_0 .net "muxlsr", 0 0, L_00000000060c2260;  1 drivers
L_000000000607a2b0 .functor BUFT 1, C4<0>, C4<0>, C4<0>, C4<0>;
v000000000606f0a0_0 .net "srval", 0 0, L_000000000607a2b0;  1 drivers
S_0000000005efb820 .scope generate, "genblk1" "genblk1" 2 322, 2 322 0, S_0000000005efffd0;
 .timescale 0 0;
S_0000000005efb9b0 .scope generate, "genblk3" "genblk3" 2 334, 2 334 0, S_0000000005efffd0;
 .timescale 0 0;
S_0000000005ef84d0 .scope generate, "genblk5" "genblk5" 2 343, 2 343 0, S_0000000005efffd0;
 .timescale 0 0;
E_0000000005fcd750 .event posedge, v000000000606d2a0_0;
S_000000000606eea0 .scope generate, "genblk7" "genblk7" 2 360, 2 360 0, S_0000000005efffd0;
 .timescale 0 0;
S_000000000606e9f0 .scope module, "ff_1" "TRELLIS_FF" 2 594, 2 311 0, S_0000000005f36a70;
 .timescale 0 0;
    .port_info 0 /INPUT 1 "CLK";
    .port_info 1 /INPUT 1 "LSR";
    .port_info 2 /INPUT 1 "CE";
    .port_info 3 /INPUT 1 "DI";
    .port_info 4 /INPUT 1 "M";
    .port_info 5 /OUTPUT 1 "Q";
P_000000000606e6d0 .param/str "CEMUX" 0 2 313, "\000\000\000\000\000\000\000\000\000\000\000\000\000\000\0001";
P_000000000606e708 .param/str "CLKMUX" 0 2 314, "CLK";
P_000000000606e740 .param/str "GSR" 0 2 312, "ENABLED";
P_000000000606e778 .param/l "LSRMODE" 0 2 318, C4<00000000000000000000000000000000000000000000000000000000000000000000000000000000000000000000000000000000010011000101001101010010>;
P_000000000606e7b0 .param/str "LSRMUX" 0 2 315, "LSR";
P_000000000606e7e8 .param/str "REGSET" 0 2 317, "RESET";
P_000000000606e820 .param/str "SRMODE" 0 2 316, "LSR_OVER_CE";
L_00000000060c2d50 .functor BUFZ 1, o0000000006010d28, C4<0>, C4<0>, C4<0>;
L_00000000060c2ab0 .functor BUFZ 1, o0000000006010cc8, C4<0>, C4<0>, C4<0>;
v00000000060707c0_0 .net "CE", 0 0, o0000000006010c98;  alias, 0 drivers
v000000000606f460_0 .net "CLK", 0 0, o0000000006010cc8;  alias, 0 drivers
v000000000606f500_0 .net "DI", 0 0, L_00000000060c2ce0;  alias, 1 drivers
v000000000606faa0_0 .net "LSR", 0 0, o0000000006010d28;  alias, 0 drivers
v000000000606f780_0 .net "M", 0 0, o0000000006010fc8;  alias, 0 drivers
v000000000606f820_0 .var "Q", 0 0;
L_000000000607a2f8 .functor BUFT 1, C4<1>, C4<0>, C4<0>, C4<0>;
v000000000606f5a0_0 .net "muxce", 0 0, L_000000000607a2f8;  1 drivers
v000000000606f960_0 .net "muxclk", 0 0, L_00000000060c2ab0;  1 drivers
v000000000606fbe0_0 .net "muxlsr", 0 0, L_00000000060c2d50;  1 drivers
L_000000000607a340 .functor BUFT 1, C4<0>, C4<0>, C4<0>, C4<0>;
v00000000060704a0_0 .net "srval", 0 0, L_000000000607a340;  1 drivers
S_000000000606eb80 .scope generate, "genblk1" "genblk1" 2 322, 2 322 0, S_000000000606e9f0;
 .timescale 0 0;
S_000000000606e540 .scope generate, "genblk3" "genblk3" 2 334, 2 334 0, S_000000000606e9f0;
 .timescale 0 0;
S_000000000606e860 .scope generate, "genblk5" "genblk5" 2 343, 2 343 0, S_000000000606e9f0;
 .timescale 0 0;
E_0000000005fcd4d0 .event posedge, v000000000606f960_0;
S_000000000606ed10 .scope generate, "genblk7" "genblk7" 2 360, 2 360 0, S_000000000606e9f0;
 .timescale 0 0;
S_000000000606e090 .scope generate, "genblk10" "genblk10" 2 485, 2 485 0, S_0000000005f36a70;
 .timescale 0 0;
L_0000000005fad7e0 .functor BUFZ 1, o0000000006011ce8, C4<0>, C4<0>, C4<0>;
S_000000000606e220 .scope generate, "genblk12" "genblk12" 2 486, 2 486 0, S_0000000005f36a70;
 .timescale 0 0;
L_0000000005fadd90 .functor BUFZ 1, o0000000006011d48, C4<0>, C4<0>, C4<0>;
S_000000000606e3b0 .scope generate, "genblk14" "genblk14" 2 487, 2 487 0, S_0000000005f36a70;
 .timescale 0 0;
L_0000000005f312d0 .functor BUFZ 1, o0000000006011da8, C4<0>, C4<0>, C4<0>;
S_0000000006072cd0 .scope generate, "genblk16" "genblk16" 2 488, 2 488 0, S_0000000005f36a70;
 .timescale 0 0;
L_00000000060c2e30 .functor BUFZ 1, o0000000006011e08, C4<0>, C4<0>, C4<0>;
S_0000000006072820 .scope generate, "genblk17" "genblk17" 2 503, 2 503 0, S_0000000005f36a70;
 .timescale 0 0;
S_0000000006071880 .scope module, "lut4_0" "LUT4" 2 507, 2 4 0, S_0000000006072820;
 .timescale 0 0;
    .port_info 0 /INPUT 1 "A";
    .port_info 1 /INPUT 1 "B";
    .port_info 2 /INPUT 1 "C";
    .port_info 3 /INPUT 1 "D";
    .port_info 4 /OUTPUT 1 "Z";
P_0000000005fccb90 .param/l "INIT" 0 2 5, C4<0000000000000000>;
v00000000060705e0_0 .net "A", 0 0, L_0000000005fadc40;  alias, 1 drivers
v0000000006070900_0 .net "B", 0 0, L_0000000005fade00;  alias, 1 drivers
v0000000006070b80_0 .net "C", 0 0, L_0000000005fad3f0;  alias, 1 drivers
v0000000006070860_0 .net "D", 0 0, L_0000000005fad690;  alias, 1 drivers
v0000000006070ae0_0 .net "Z", 0 0, L_0000000006076b80;  alias, 1 drivers
L_000000000607a148 .functor BUFT 1, C4<00000000>, C4<0>, C4<0>, C4<0>;
v0000000006070680_0 .net/2u *"_ivl_0", 7 0, L_000000000607a148;  1 drivers
v000000000606fb40_0 .net *"_ivl_13", 1 0, L_0000000006077e40;  1 drivers
v000000000606f640_0 .net *"_ivl_15", 1 0, L_00000000060769a0;  1 drivers
v000000000606fc80_0 .net *"_ivl_19", 0 0, L_0000000006076a40;  1 drivers
L_000000000607a190 .functor BUFT 1, C4<00000000>, C4<0>, C4<0>, C4<0>;
v0000000006070720_0 .net/2u *"_ivl_2", 7 0, L_000000000607a190;  1 drivers
v00000000060709a0_0 .net *"_ivl_21", 0 0, L_0000000006077800;  1 drivers
v0000000006070a40_0 .net *"_ivl_7", 3 0, L_0000000006077300;  1 drivers
v000000000606f140_0 .net *"_ivl_9", 3 0, L_0000000006076360;  1 drivers
v0000000006070e00_0 .net "s1", 1 0, L_0000000006076400;  1 drivers
v0000000006070c20_0 .net "s2", 3 0, L_0000000006077ee0;  1 drivers
v0000000006070220_0 .net "s3", 7 0, L_0000000006077260;  1 drivers
L_0000000006077260 .functor MUXZ 8, L_000000000607a190, L_000000000607a148, L_0000000005fad690, C4<>;
L_0000000006077300 .part L_0000000006077260, 4, 4;
L_0000000006076360 .part L_0000000006077260, 0, 4;
L_0000000006077ee0 .functor MUXZ 4, L_0000000006076360, L_0000000006077300, L_0000000005fad3f0, C4<>;
L_0000000006077e40 .part L_0000000006077ee0, 2, 2;
L_00000000060769a0 .part L_0000000006077ee0, 0, 2;
L_0000000006076400 .functor MUXZ 2, L_00000000060769a0, L_0000000006077e40, L_0000000005fade00, C4<>;
L_0000000006076a40 .part L_0000000006076400, 1, 1;
L_0000000006077800 .part L_0000000006076400, 0, 1;
L_0000000006076b80 .functor MUXZ 1, L_0000000006077800, L_0000000006076a40, L_0000000005fadc40, C4<>;
S_0000000006072500 .scope module, "lut4_1" "LUT4" 2 513, 2 4 0, S_0000000006072820;
 .timescale 0 0;
    .port_info 0 /INPUT 1 "A";
    .port_info 1 /INPUT 1 "B";
    .port_info 2 /INPUT 1 "C";
    .port_info 3 /INPUT 1 "D";
    .port_info 4 /OUTPUT 1 "Z";
P_0000000005fccf90 .param/l "INIT" 0 2 5, C4<0000000000000000>;
v0000000006070040_0 .net "A", 0 0, L_0000000005fad7e0;  alias, 1 drivers
v000000000606f3c0_0 .net "B", 0 0, L_0000000005fadd90;  alias, 1 drivers
v000000000606f6e0_0 .net "C", 0 0, L_0000000005f312d0;  alias, 1 drivers
v0000000006070cc0_0 .net "D", 0 0, L_00000000060c2e30;  alias, 1 drivers
v0000000006070d60_0 .net "Z", 0 0, L_00000000060760e0;  alias, 1 drivers
L_000000000607a1d8 .functor BUFT 1, C4<00000000>, C4<0>, C4<0>, C4<0>;
v000000000606fa00_0 .net/2u *"_ivl_0", 7 0, L_000000000607a1d8;  1 drivers
v0000000006070ea0_0 .net *"_ivl_13", 1 0, L_0000000006076c20;  1 drivers
v000000000606f1e0_0 .net *"_ivl_15", 1 0, L_0000000006076d60;  1 drivers
v000000000606fd20_0 .net *"_ivl_19", 0 0, L_0000000006076cc0;  1 drivers
L_000000000607a220 .functor BUFT 1, C4<00000000>, C4<0>, C4<0>, C4<0>;
v000000000606ff00_0 .net/2u *"_ivl_2", 7 0, L_000000000607a220;  1 drivers
v0000000006070f40_0 .net *"_ivl_21", 0 0, L_0000000006077440;  1 drivers
v0000000006070180_0 .net *"_ivl_7", 3 0, L_0000000006076ea0;  1 drivers
v00000000060702c0_0 .net *"_ivl_9", 3 0, L_00000000060765e0;  1 drivers
v000000000606f280_0 .net "s1", 1 0, L_0000000006076680;  1 drivers
v000000000606f320_0 .net "s2", 3 0, L_0000000006076f40;  1 drivers
v0000000006070360_0 .net "s3", 7 0, L_00000000060773a0;  1 drivers
L_00000000060773a0 .functor MUXZ 8, L_000000000607a220, L_000000000607a1d8, L_00000000060c2e30, C4<>;
L_0000000006076ea0 .part L_00000000060773a0, 4, 4;
L_00000000060765e0 .part L_00000000060773a0, 0, 4;
L_0000000006076f40 .functor MUXZ 4, L_00000000060765e0, L_0000000006076ea0, L_0000000005f312d0, C4<>;
L_0000000006076c20 .part L_0000000006076f40, 2, 2;
L_0000000006076d60 .part L_0000000006076f40, 0, 2;
L_0000000006076680 .functor MUXZ 2, L_0000000006076d60, L_0000000006076c20, L_0000000005fadd90, C4<>;
L_0000000006076cc0 .part L_0000000006076680, 1, 1;
L_0000000006077440 .part L_0000000006076680, 0, 1;
L_00000000060760e0 .functor MUXZ 1, L_0000000006077440, L_0000000006076cc0, L_0000000005fad7e0, C4<>;
S_0000000006071d30 .scope module, "lut5_mux" "PFUMX" 2 518, 2 179 0, S_0000000006072820;
 .timescale 0 0;
    .port_info 0 /INPUT 1 "ALUT";
    .port_info 1 /INPUT 1 "BLUT";
    .port_info 2 /INPUT 1 "C0";
    .port_info 3 /OUTPUT 1 "Z";
v000000000606f8c0_0 .net "ALUT", 0 0, L_00000000060760e0;  alias, 1 drivers
v000000000606fdc0_0 .net "BLUT", 0 0, L_0000000006076b80;  alias, 1 drivers
v000000000606fe60_0 .net "C0", 0 0, o0000000006010d58;  alias, 0 drivers
v000000000606ffa0_0 .net "Z", 0 0, L_00000000060774e0;  alias, 1 drivers
L_00000000060774e0 .functor MUXZ 1, L_0000000006076b80, L_00000000060760e0, o0000000006010d58, C4<>;
S_0000000006072050 .scope module, "lutx_mux" "L6MUX21" 2 519, 2 65 0, S_0000000006072820;
 .timescale 0 0;
    .port_info 0 /INPUT 1 "D0";
    .port_info 1 /INPUT 1 "D1";
    .port_info 2 /INPUT 1 "SD";
    .port_info 3 /OUTPUT 1 "Z";
v00000000060700e0_0 .net "D0", 0 0, o0000000006011ad8;  alias, 0 drivers
v0000000006070400_0 .net "D1", 0 0, o0000000006011b08;  alias, 0 drivers
v0000000006070540_0 .net "SD", 0 0, o0000000006010fc8;  alias, 0 drivers
v0000000006075930_0 .net "Z", 0 0, L_0000000006077580;  alias, 1 drivers
L_0000000006077580 .functor MUXZ 1, o0000000006011ad8, o0000000006011b08, o0000000006010fc8, C4<>;
S_00000000060721e0 .scope generate, "genblk2" "genblk2" 2 481, 2 481 0, S_0000000005f36a70;
 .timescale 0 0;
L_0000000005fadc40 .functor BUFZ 1, o0000000006011cb8, C4<0>, C4<0>, C4<0>;
S_0000000006071a10 .scope generate, "genblk4" "genblk4" 2 482, 2 482 0, S_0000000005f36a70;
 .timescale 0 0;
L_0000000005fade00 .functor BUFZ 1, o0000000006011d18, C4<0>, C4<0>, C4<0>;
S_0000000006071ba0 .scope generate, "genblk6" "genblk6" 2 483, 2 483 0, S_0000000005f36a70;
 .timescale 0 0;
L_0000000005fad3f0 .functor BUFZ 1, o0000000006011d78, C4<0>, C4<0>, C4<0>;
S_00000000060710b0 .scope generate, "genblk8" "genblk8" 2 484, 2 484 0, S_0000000005f36a70;
 .timescale 0 0;
L_0000000005fad690 .functor BUFZ 1, o0000000006011dd8, C4<0>, C4<0>, C4<0>;
S_0000000006072b40 .scope function.vec4.s16, "permute_initval" "permute_initval" 2 492, 2 492 0, S_0000000005f36a70;
 .timescale 0 0;
v0000000006074210_0 .var/i "i", 31 0;
v00000000060743f0_0 .var "initval", 15 0;
; Variable permute_initval is vec4 return value of scope S_0000000006072b40
TD_TRELLIS_SLICE.permute_initval ;
    %pushi/vec4 0, 0, 32;
    %store/vec4 v0000000006074210_0, 0, 32;
T_1.12 ;
    %load/vec4 v0000000006074210_0;
    %cmpi/s 16, 0, 32;
    %jmp/0xz T_1.13, 5;
    %load/vec4 v00000000060743f0_0;
    %load/vec4 v0000000006074210_0;
    %part/s 1;
    %load/vec4 v0000000006074210_0;
    %parti/s 1, 0, 2;
    %load/vec4 v0000000006074210_0;
    %parti/s 1, 2, 3;
    %concat/vec4; draw_concat_vec4
    %load/vec4 v0000000006074210_0;
    %parti/s 1, 1, 2;
    %concat/vec4; draw_concat_vec4
    %load/vec4 v0000000006074210_0;
    %parti/s 1, 3, 3;
    %concat/vec4; draw_concat_vec4
    %ix/vec4 4;
    %ret/vec4 0, 4, 1; Assign to permute_initval (store_vec4_to_lval)
    %load/vec4 v0000000006074210_0;
    %addi 1, 0, 32;
    %store/vec4 v0000000006074210_0, 0, 32;
    %jmp T_1.12;
T_1.13 ;
    %end;
S_0000000005f1c7e0 .scope module, "top" "top" 3 10;
 .timescale 0 0;
    .port_info 0 /INPUT 1 "clk30";
    .port_info 1 /INPUT 2 "button";
    .port_info 2 /OUTPUT 7 "LED";
    .port_info 3 /OUTPUT 3 "LEDC";
v0000000006076860_0 .net "LED", 6 0, L_0000000006077620;  1 drivers
v00000000060762c0_0 .net "LEDC", 2 0, L_00000000060778a0;  1 drivers
v0000000006077940_0 .net *"_ivl_3", 0 0, L_00000000060776c0;  1 drivers
v0000000006077b20_0 .net *"_ivl_5", 0 0, L_0000000006077760;  1 drivers
L_000000000607a388 .functor BUFT 1, C4<1>, C4<0>, C4<0>, C4<0>;
v0000000006076900_0 .net/2u *"_ivl_6", 0 0, L_000000000607a388;  1 drivers
o0000000006012a98 .functor BUFZ 2, C4<zz>; HiZ drive
v0000000006077d00_0 .net "button", 1 0, o0000000006012a98;  0 drivers
o0000000006012ac8 .functor BUFZ 1, C4<z>; HiZ drive
v0000000006077da0_0 .net "clk30", 0 0, o0000000006012ac8;  0 drivers
v0000000006076ae0_0 .var "counter", 31 0;
E_0000000005fcd450 .event posedge, v0000000006077da0_0;
L_0000000006077620 .part v0000000006076ae0_0, 25, 7;
L_00000000060776c0 .part o0000000006012a98, 0, 1;
L_0000000006077760 .part o0000000006012a98, 1, 1;
L_00000000060778a0 .concat [ 1 1 1 0], L_000000000607a388, L_0000000006077760, L_00000000060776c0;
    .scope S_0000000005ec3120;
T_2 ;
    %pushi/vec4 0, 0, 32;
    %store/vec4 v000000000606d840_0, 0, 32;
T_2.0 ;
    %load/vec4 v000000000606d840_0;
    %cmpi/s 15, 0, 32;
    %jmp/0xz T_2.1, 5;
    %pushi/vec4 0, 0, 64;
    %load/vec4 v000000000606d840_0;
    %muli 4, 0, 32;
    %part/s 4;
    %ix/getv/s 3, v000000000606d840_0;
    %ix/load 4, 0, 0; Constant delay
    %assign/vec4/a/d v000000000606dac0, 0, 4;
    %load/vec4 v000000000606d840_0;
    %addi 1, 0, 32;
    %store/vec4 v000000000606d840_0, 0, 32;
    %jmp T_2.0;
T_2.1 ;
    %end;
    .thread T_2;
    .scope S_0000000005ec3120;
T_3 ;
    %wait E_0000000005fcd2d0;
    %load/vec4 v000000000606c8a0_0;
    %flag_set/vec4 8;
    %jmp/0xz  T_3.0, 8;
    %load/vec4 v000000000606d660_0;
    %load/vec4 v000000000606d7a0_0;
    %pad/u 6;
    %ix/vec4 3;
    %ix/load 4, 0, 0; Constant delay
    %assign/vec4/a/d v000000000606dac0, 0, 4;
T_3.0 ;
    %jmp T_3;
    .thread T_3;
    .scope S_0000000005f36750;
T_4 ;
    %pushi/vec4 0, 0, 32;
    %store/vec4 v000000000606cda0_0, 0, 32;
T_4.0 ;
    %load/vec4 v000000000606cda0_0;
    %cmpi/s 16, 0, 32;
    %jmp/0xz T_4.1, 5;
    %pushi/vec4 0, 0, 64;
    %load/vec4 v000000000606cda0_0;
    %addi 3, 0, 32;
    %part/s 1;
    %pushi/vec4 0, 0, 64;
    %load/vec4 v000000000606cda0_0;
    %addi 2, 0, 32;
    %part/s 1;
    %concat/vec4; draw_concat_vec4
    %pushi/vec4 0, 0, 64;
    %load/vec4 v000000000606cda0_0;
    %addi 1, 0, 32;
    %part/s 1;
    %concat/vec4; draw_concat_vec4
    %pushi/vec4 0, 0, 64;
    %load/vec4 v000000000606cda0_0;
    %part/s 1;
    %concat/vec4; draw_concat_vec4
    %ix/getv/s 3, v000000000606cda0_0;
    %ix/load 4, 0, 0; Constant delay
    %assign/vec4/a/d v000000000606c3a0, 0, 4;
    %load/vec4 v000000000606cda0_0;
    %addi 1, 0, 32;
    %store/vec4 v000000000606cda0_0, 0, 32;
    %jmp T_4.0;
T_4.1 ;
    %end;
    .thread T_4;
    .scope S_0000000005f36750;
T_5 ;
    %wait E_0000000005fcd250;
    %pushi/vec4 5722693, 0, 24; draw_string_vec4
    %dup/vec4;
    %pushi/vec4 49, 0, 24; draw_string_vec4
    %cmp/u;
    %jmp/1 T_5.0, 6;
    %dup/vec4;
    %pushi/vec4 48, 0, 24; draw_string_vec4
    %cmp/u;
    %jmp/1 T_5.1, 6;
    %dup/vec4;
    %pushi/vec4 4804182, 0, 24; draw_string_vec4
    %cmp/u;
    %jmp/1 T_5.2, 6;
    %load/vec4 v000000000606d3e0_0;
    %store/vec4 v000000000606c620_0, 0, 1;
    %jmp T_5.4;
T_5.0 ;
    %pushi/vec4 1, 0, 1;
    %store/vec4 v000000000606c620_0, 0, 1;
    %jmp T_5.4;
T_5.1 ;
    %pushi/vec4 0, 0, 1;
    %store/vec4 v000000000606c620_0, 0, 1;
    %jmp T_5.4;
T_5.2 ;
    %load/vec4 v000000000606d3e0_0;
    %inv;
    %store/vec4 v000000000606c620_0, 0, 1;
    %jmp T_5.4;
T_5.4 ;
    %pop/vec4 1;
    %jmp T_5;
    .thread T_5, $push;
    .scope S_0000000005f36750;
T_6 ;
    %wait E_0000000005fcd210;
    %load/vec4 v000000000606c620_0;
    %flag_set/vec4 8;
    %jmp/0xz  T_6.0, 8;
    %load/vec4 v000000000606d8e0_0;
    %load/vec4 v000000000606c300_0;
    %pad/u 6;
    %ix/vec4 3;
    %ix/load 4, 0, 0; Constant delay
    %assign/vec4/a/d v000000000606c3a0, 0, 4;
T_6.0 ;
    %jmp T_6;
    .thread T_6;
    .scope S_0000000005f368e0;
T_7 ;
    %wait E_0000000005fcd690;
    %load/vec4 v000000000606c9e0_0;
    %cmpi/e 0, 1, 1;
    %jmp/0xz  T_7.0, 6;
    %pushi/vec4 0, 0, 1;
    %assign/vec4 v000000000606d480_0, 0;
    %jmp T_7.1;
T_7.0 ;
    %load/vec4 v000000000606c9e0_0;
    %assign/vec4 v000000000606d480_0, 0;
T_7.1 ;
    %jmp T_7;
    .thread T_7, $push;
    .scope S_0000000005ef84d0;
T_8 ;
    %wait E_0000000005fcd750;
    %load/vec4 v000000000606d340_0;
    %flag_set/vec4 8;
    %jmp/0xz  T_8.0, 8;
    %load/vec4 v000000000606f0a0_0;
    %assign/vec4 v000000000606d160_0, 0;
    %jmp T_8.1;
T_8.0 ;
    %load/vec4 v000000000606d200_0;
    %flag_set/vec4 8;
    %jmp/0xz  T_8.2, 8;
    %load/vec4 v000000000606cc60_0;
    %assign/vec4 v000000000606d160_0, 0;
T_8.2 ;
T_8.1 ;
    %jmp T_8;
    .thread T_8;
    .scope S_0000000005efffd0;
T_9 ;
    %load/vec4 v000000000606f0a0_0;
    %store/vec4 v000000000606d160_0, 0, 1;
    %end;
    .thread T_9;
    .scope S_000000000606e860;
T_10 ;
    %wait E_0000000005fcd4d0;
    %load/vec4 v000000000606fbe0_0;
    %flag_set/vec4 8;
    %jmp/0xz  T_10.0, 8;
    %load/vec4 v00000000060704a0_0;
    %assign/vec4 v000000000606f820_0, 0;
    %jmp T_10.1;
T_10.0 ;
    %load/vec4 v000000000606f5a0_0;
    %flag_set/vec4 8;
    %jmp/0xz  T_10.2, 8;
    %load/vec4 v000000000606f500_0;
    %assign/vec4 v000000000606f820_0, 0;
T_10.2 ;
T_10.1 ;
    %jmp T_10;
    .thread T_10;
    .scope S_000000000606e9f0;
T_11 ;
    %load/vec4 v00000000060704a0_0;
    %store/vec4 v000000000606f820_0, 0, 1;
    %end;
    .thread T_11;
    .scope S_0000000005f1c7e0;
T_12 ;
    %pushi/vec4 0, 0, 32;
    %store/vec4 v0000000006076ae0_0, 0, 32;
    %end;
    .thread T_12;
    .scope S_0000000005f1c7e0;
T_13 ;
    %wait E_0000000005fcd450;
    %load/vec4 v0000000006076ae0_0;
    %addi 1, 0, 32;
    %assign/vec4 v0000000006076ae0_0, 0;
    %jmp T_13;
    .thread T_13;
# The file index is used to find the file name in the following table.
:file_names 4;
    "N/A";
    "<interactive>";
    "C:\Users\JD331\.apio\packages\tools-oss-cad-suite\share\yosys/ecp5/cells_sim.v";
    "blink.v";
